[2019-11-18 20:37:26] [INFO ] [com.creams.temo.TemoApplication:50] -- Starting TemoApplication on KOTIN-GA365 with PID 34284 (C:\Users\Administrator\IdeaProjects\temoServer\target\classes started by Administrator in C:\Users\Administrator\IdeaProjects\temoServer)
[2019-11-18 20:37:26] [INFO ] [com.creams.temo.TemoApplication:647] -- No active profile set, falling back to default profiles: default
[2019-11-18 20:37:26] [INFO ] [org.springframework.boot.devtools.env.DevToolsPropertyDefaultsPostProcessor:225] -- Devtools property defaults active! Set 'spring.devtools.add-properties' to 'false' to disable
[2019-11-18 20:37:26] [INFO ] [org.springframework.boot.devtools.env.DevToolsPropertyDefaultsPostProcessor:225] -- For additional web related logging consider setting the 'logging.level.web' property to 'DEBUG'
[2019-11-18 20:37:27] [INFO ] [org.springframework.context.support.PostProcessorRegistrationDelegate$BeanPostProcessorChecker:330] -- Bean 'org.springframework.transaction.annotation.ProxyTransactionManagementConfiguration' of type [org.springframework.transaction.annotation.ProxyTransactionManagementConfiguration$$EnhancerBySpringCGLIB$$98a3053a] is not eligible for getting processed by all BeanPostProcessors (for example: not eligible for auto-proxying)
[2019-11-18 20:37:28] [INFO ] [org.springframework.boot.web.embedded.tomcat.TomcatWebServer:90] -- Tomcat initialized with port(s): 8096 (http)
[2019-11-18 20:37:28] [INFO ] [org.apache.coyote.http11.Http11NioProtocol:173] -- Initializing ProtocolHandler ["http-nio-8096"]
[2019-11-18 20:37:28] [INFO ] [org.apache.catalina.core.StandardService:173] -- Starting service [Tomcat]
[2019-11-18 20:37:28] [INFO ] [org.apache.catalina.core.StandardEngine:173] -- Starting Servlet engine: [Apache Tomcat/9.0.22]
[2019-11-18 20:37:28] [INFO ] [org.apache.catalina.core.ContainerBase.[Tomcat].[localhost].[/]:173] -- Initializing Spring embedded WebApplicationContext
[2019-11-18 20:37:28] [INFO ] [org.springframework.web.context.ContextLoader:284] -- Root WebApplicationContext: initialization completed in 1299 ms
[2019-11-18 20:37:34] [INFO ] [springfox.documentation.spring.web.PropertySourcedRequestMappingHandlerMapping:69] -- Mapped URL path [/v2/api-docs] onto method [public org.springframework.http.ResponseEntity<springfox.documentation.spring.web.json.Json> springfox.documentation.swagger2.web.Swagger2Controller.getDocumentation(java.lang.String,javax.servlet.http.HttpServletRequest)]
[2019-11-18 20:37:34] [INFO ] [org.springframework.scheduling.concurrent.ThreadPoolTaskExecutor:171] -- Initializing ExecutorService 'applicationTaskExecutor'
[2019-11-18 20:37:34] [INFO ] [org.springframework.boot.devtools.autoconfigure.OptionalLiveReloadServer:57] -- LiveReload server is running on port 35729
[2019-11-18 20:37:34] [INFO ] [springfox.documentation.spring.web.plugins.DocumentationPluginsBootstrapper:160] -- Context refreshed
[2019-11-18 20:37:34] [INFO ] [springfox.documentation.spring.web.plugins.DocumentationPluginsBootstrapper:163] -- Found 1 custom documentation plugin(s)
[2019-11-18 20:37:34] [INFO ] [springfox.documentation.spring.web.scanners.ApiListingReferenceScanner:41] -- Scanning for api listing references
[2019-11-18 20:37:35] [INFO ] [org.apache.coyote.http11.Http11NioProtocol:173] -- Starting ProtocolHandler ["http-nio-8096"]
[2019-11-18 20:37:35] [INFO ] [org.springframework.boot.web.embedded.tomcat.TomcatWebServer:202] -- Tomcat started on port(s): 8096 (http) with context path ''
[2019-11-18 20:37:35] [INFO ] [com.creams.temo.TemoApplication:59] -- Started TemoApplication in 8.826 seconds (JVM running for 9.8)
[2019-11-18 20:40:30] [INFO ] [org.apache.catalina.core.ContainerBase.[Tomcat].[localhost].[/]:173] -- Initializing Spring DispatcherServlet 'dispatcherServlet'
[2019-11-18 20:40:30] [INFO ] [org.springframework.web.servlet.DispatcherServlet:524] -- Initializing Servlet 'dispatcherServlet'
[2019-11-18 20:40:30] [INFO ] [org.springframework.web.servlet.DispatcherServlet:546] -- Completed initialization in 7 ms
[2019-11-18 21:00:58] [INFO ] [com.creams.temo.TemoApplication:50] -- Starting TemoApplication on KOTIN-GA365 with PID 33632 (C:\Users\Administrator\IdeaProjects\temoServer\target\classes started by Administrator in C:\Users\Administrator\IdeaProjects\temoServer)
[2019-11-18 21:00:58] [INFO ] [com.creams.temo.TemoApplication:647] -- No active profile set, falling back to default profiles: default
[2019-11-18 21:00:58] [INFO ] [org.springframework.boot.devtools.env.DevToolsPropertyDefaultsPostProcessor:225] -- Devtools property defaults active! Set 'spring.devtools.add-properties' to 'false' to disable
[2019-11-18 21:00:58] [INFO ] [org.springframework.boot.devtools.env.DevToolsPropertyDefaultsPostProcessor:225] -- For additional web related logging consider setting the 'logging.level.web' property to 'DEBUG'
[2019-11-18 21:00:59] [INFO ] [org.springframework.context.support.PostProcessorRegistrationDelegate$BeanPostProcessorChecker:330] -- Bean 'org.springframework.transaction.annotation.ProxyTransactionManagementConfiguration' of type [org.springframework.transaction.annotation.ProxyTransactionManagementConfiguration$$EnhancerBySpringCGLIB$$ad18a71a] is not eligible for getting processed by all BeanPostProcessors (for example: not eligible for auto-proxying)
[2019-11-18 21:00:59] [INFO ] [org.springframework.boot.web.embedded.tomcat.TomcatWebServer:90] -- Tomcat initialized with port(s): 8096 (http)
[2019-11-18 21:00:59] [INFO ] [org.apache.coyote.http11.Http11NioProtocol:173] -- Initializing ProtocolHandler ["http-nio-8096"]
[2019-11-18 21:00:59] [INFO ] [org.apache.catalina.core.StandardService:173] -- Starting service [Tomcat]
[2019-11-18 21:00:59] [INFO ] [org.apache.catalina.core.StandardEngine:173] -- Starting Servlet engine: [Apache Tomcat/9.0.22]
[2019-11-18 21:00:59] [INFO ] [org.apache.catalina.core.ContainerBase.[Tomcat].[localhost].[/]:173] -- Initializing Spring embedded WebApplicationContext
[2019-11-18 21:00:59] [INFO ] [org.springframework.web.context.ContextLoader:284] -- Root WebApplicationContext: initialization completed in 1318 ms
[2019-11-18 21:01:01] [INFO ] [springfox.documentation.spring.web.PropertySourcedRequestMappingHandlerMapping:69] -- Mapped URL path [/v2/api-docs] onto method [public org.springframework.http.ResponseEntity<springfox.documentation.spring.web.json.Json> springfox.documentation.swagger2.web.Swagger2Controller.getDocumentation(java.lang.String,javax.servlet.http.HttpServletRequest)]
[2019-11-18 21:01:01] [INFO ] [org.springframework.scheduling.concurrent.ThreadPoolTaskExecutor:171] -- Initializing ExecutorService 'applicationTaskExecutor'
[2019-11-18 21:01:01] [INFO ] [org.springframework.boot.devtools.autoconfigure.OptionalLiveReloadServer:57] -- LiveReload server is running on port 35729
[2019-11-18 21:01:02] [INFO ] [springfox.documentation.spring.web.plugins.DocumentationPluginsBootstrapper:160] -- Context refreshed
[2019-11-18 21:01:02] [INFO ] [springfox.documentation.spring.web.plugins.DocumentationPluginsBootstrapper:163] -- Found 1 custom documentation plugin(s)
[2019-11-18 21:01:02] [INFO ] [springfox.documentation.spring.web.scanners.ApiListingReferenceScanner:41] -- Scanning for api listing references
[2019-11-18 21:01:02] [INFO ] [org.apache.coyote.http11.Http11NioProtocol:173] -- Starting ProtocolHandler ["http-nio-8096"]
[2019-11-18 21:01:02] [INFO ] [org.springframework.boot.web.embedded.tomcat.TomcatWebServer:202] -- Tomcat started on port(s): 8096 (http) with context path ''
[2019-11-18 21:01:02] [INFO ] [com.creams.temo.TemoApplication:59] -- Started TemoApplication in 4.481 seconds (JVM running for 5.019)
[2019-11-18 21:01:17] [INFO ] [org.apache.catalina.core.ContainerBase.[Tomcat].[localhost].[/]:173] -- Initializing Spring DispatcherServlet 'dispatcherServlet'
[2019-11-18 21:01:17] [INFO ] [org.springframework.web.servlet.DispatcherServlet:524] -- Initializing Servlet 'dispatcherServlet'
[2019-11-18 21:01:17] [INFO ] [org.springframework.web.servlet.DispatcherServlet:546] -- Completed initialization in 5 ms
[2019-11-18 21:33:26] [INFO ] [com.creams.temo.TemoApplication:50] -- Starting TemoApplication on KOTIN-GA365 with PID 48708 (C:\Users\Administrator\IdeaProjects\temoServer\target\classes started by Administrator in C:\Users\Administrator\IdeaProjects\temoServer)
[2019-11-18 21:33:26] [INFO ] [com.creams.temo.TemoApplication:647] -- No active profile set, falling back to default profiles: default
[2019-11-18 21:33:27] [INFO ] [org.springframework.boot.devtools.env.DevToolsPropertyDefaultsPostProcessor:225] -- Devtools property defaults active! Set 'spring.devtools.add-properties' to 'false' to disable
[2019-11-18 21:33:27] [INFO ] [org.springframework.boot.devtools.env.DevToolsPropertyDefaultsPostProcessor:225] -- For additional web related logging consider setting the 'logging.level.web' property to 'DEBUG'
[2019-11-18 21:33:29] [INFO ] [org.springframework.context.support.PostProcessorRegistrationDelegate$BeanPostProcessorChecker:330] -- Bean 'org.springframework.transaction.annotation.ProxyTransactionManagementConfiguration' of type [org.springframework.transaction.annotation.ProxyTransactionManagementConfiguration$$EnhancerBySpringCGLIB$$c11faab0] is not eligible for getting processed by all BeanPostProcessors (for example: not eligible for auto-proxying)
[2019-11-18 21:33:29] [INFO ] [org.springframework.boot.web.embedded.tomcat.TomcatWebServer:90] -- Tomcat initialized with port(s): 8096 (http)
[2019-11-18 21:33:29] [INFO ] [org.apache.coyote.http11.Http11NioProtocol:173] -- Initializing ProtocolHandler ["http-nio-8096"]
[2019-11-18 21:33:29] [INFO ] [org.apache.catalina.core.StandardService:173] -- Starting service [Tomcat]
[2019-11-18 21:33:29] [INFO ] [org.apache.catalina.core.StandardEngine:173] -- Starting Servlet engine: [Apache Tomcat/9.0.22]
[2019-11-18 21:33:30] [INFO ] [org.apache.catalina.core.ContainerBase.[Tomcat].[localhost].[/]:173] -- Initializing Spring embedded WebApplicationContext
[2019-11-18 21:33:30] [INFO ] [org.springframework.web.context.ContextLoader:284] -- Root WebApplicationContext: initialization completed in 3005 ms
[2019-11-18 21:33:32] [INFO ] [springfox.documentation.spring.web.PropertySourcedRequestMappingHandlerMapping:69] -- Mapped URL path [/v2/api-docs] onto method [public org.springframework.http.ResponseEntity<springfox.documentation.spring.web.json.Json> springfox.documentation.swagger2.web.Swagger2Controller.getDocumentation(java.lang.String,javax.servlet.http.HttpServletRequest)]
[2019-11-18 21:33:33] [INFO ] [org.springframework.scheduling.concurrent.ThreadPoolTaskExecutor:171] -- Initializing ExecutorService 'applicationTaskExecutor'
[2019-11-18 21:33:33] [INFO ] [org.springframework.boot.devtools.autoconfigure.OptionalLiveReloadServer:57] -- LiveReload server is running on port 35729
[2019-11-18 21:33:33] [INFO ] [springfox.documentation.spring.web.plugins.DocumentationPluginsBootstrapper:160] -- Context refreshed
[2019-11-18 21:33:33] [INFO ] [springfox.documentation.spring.web.plugins.DocumentationPluginsBootstrapper:163] -- Found 1 custom documentation plugin(s)
[2019-11-18 21:33:33] [INFO ] [springfox.documentation.spring.web.scanners.ApiListingReferenceScanner:41] -- Scanning for api listing references
[2019-11-18 21:33:33] [INFO ] [org.apache.coyote.http11.Http11NioProtocol:173] -- Starting ProtocolHandler ["http-nio-8096"]
[2019-11-18 21:33:33] [INFO ] [org.springframework.boot.web.embedded.tomcat.TomcatWebServer:202] -- Tomcat started on port(s): 8096 (http) with context path ''
[2019-11-18 21:33:33] [INFO ] [com.creams.temo.TemoApplication:59] -- Started TemoApplication in 7.708 seconds (JVM running for 9.254)
[2019-11-18 21:33:53] [INFO ] [org.apache.catalina.core.ContainerBase.[Tomcat].[localhost].[/]:173] -- Initializing Spring DispatcherServlet 'dispatcherServlet'
[2019-11-18 21:33:53] [INFO ] [org.springframework.web.servlet.DispatcherServlet:524] -- Initializing Servlet 'dispatcherServlet'
[2019-11-18 21:33:53] [INFO ] [org.springframework.web.servlet.DispatcherServlet:546] -- Completed initialization in 21 ms
[2019-11-18 21:40:14] [INFO ] [com.creams.temo.TemoApplication:50] -- Starting TemoApplication on KOTIN-GA365 with PID 7288 (C:\Users\Administrator\IdeaProjects\temoServer\target\classes started by Administrator in C:\Users\Administrator\IdeaProjects\temoServer)
[2019-11-18 21:40:14] [INFO ] [com.creams.temo.TemoApplication:647] -- No active profile set, falling back to default profiles: default
[2019-11-18 21:40:14] [INFO ] [org.springframework.boot.devtools.env.DevToolsPropertyDefaultsPostProcessor:225] -- Devtools property defaults active! Set 'spring.devtools.add-properties' to 'false' to disable
[2019-11-18 21:40:14] [INFO ] [org.springframework.boot.devtools.env.DevToolsPropertyDefaultsPostProcessor:225] -- For additional web related logging consider setting the 'logging.level.web' property to 'DEBUG'
[2019-11-18 21:40:17] [INFO ] [org.springframework.context.support.PostProcessorRegistrationDelegate$BeanPostProcessorChecker:330] -- Bean 'org.springframework.transaction.annotation.ProxyTransactionManagementConfiguration' of type [org.springframework.transaction.annotation.ProxyTransactionManagementConfiguration$$EnhancerBySpringCGLIB$$3ed45607] is not eligible for getting processed by all BeanPostProcessors (for example: not eligible for auto-proxying)
[2019-11-18 21:40:18] [INFO ] [org.springframework.boot.web.embedded.tomcat.TomcatWebServer:90] -- Tomcat initialized with port(s): 8096 (http)
[2019-11-18 21:40:18] [INFO ] [org.apache.coyote.http11.Http11NioProtocol:173] -- Initializing ProtocolHandler ["http-nio-8096"]
[2019-11-18 21:40:18] [INFO ] [org.apache.catalina.core.StandardService:173] -- Starting service [Tomcat]
[2019-11-18 21:40:18] [INFO ] [org.apache.catalina.core.StandardEngine:173] -- Starting Servlet engine: [Apache Tomcat/9.0.22]
[2019-11-18 21:40:18] [INFO ] [org.apache.catalina.core.ContainerBase.[Tomcat].[localhost].[/]:173] -- Initializing Spring embedded WebApplicationContext
[2019-11-18 21:40:18] [INFO ] [org.springframework.web.context.ContextLoader:284] -- Root WebApplicationContext: initialization completed in 4429 ms
[2019-11-18 21:40:22] [INFO ] [springfox.documentation.spring.web.PropertySourcedRequestMappingHandlerMapping:69] -- Mapped URL path [/v2/api-docs] onto method [public org.springframework.http.ResponseEntity<springfox.documentation.spring.web.json.Json> springfox.documentation.swagger2.web.Swagger2Controller.getDocumentation(java.lang.String,javax.servlet.http.HttpServletRequest)]
[2019-11-18 21:40:22] [INFO ] [org.springframework.scheduling.concurrent.ThreadPoolTaskExecutor:171] -- Initializing ExecutorService 'applicationTaskExecutor'
[2019-11-18 21:40:22] [INFO ] [org.springframework.boot.devtools.autoconfigure.OptionalLiveReloadServer:57] -- LiveReload server is running on port 35729
[2019-11-18 21:40:22] [INFO ] [springfox.documentation.spring.web.plugins.DocumentationPluginsBootstrapper:160] -- Context refreshed
[2019-11-18 21:40:22] [INFO ] [springfox.documentation.spring.web.plugins.DocumentationPluginsBootstrapper:163] -- Found 1 custom documentation plugin(s)
[2019-11-18 21:40:22] [INFO ] [springfox.documentation.spring.web.scanners.ApiListingReferenceScanner:41] -- Scanning for api listing references
[2019-11-18 21:40:23] [INFO ] [org.apache.coyote.http11.Http11NioProtocol:173] -- Starting ProtocolHandler ["http-nio-8096"]
[2019-11-18 21:40:23] [INFO ] [org.springframework.boot.web.embedded.tomcat.TomcatWebServer:202] -- Tomcat started on port(s): 8096 (http) with context path ''
[2019-11-18 21:40:23] [INFO ] [com.creams.temo.TemoApplication:59] -- Started TemoApplication in 9.963 seconds (JVM running for 13.099)
[2019-11-18 21:40:37] [INFO ] [org.apache.catalina.core.ContainerBase.[Tomcat].[localhost].[/]:173] -- Initializing Spring DispatcherServlet 'dispatcherServlet'
[2019-11-18 21:40:37] [INFO ] [org.springframework.web.servlet.DispatcherServlet:524] -- Initializing Servlet 'dispatcherServlet'
[2019-11-18 21:40:37] [INFO ] [org.springframework.web.servlet.DispatcherServlet:546] -- Completed initialization in 23 ms
[2019-11-18 22:04:05] [INFO ] [org.springframework.scheduling.concurrent.ThreadPoolTaskExecutor:208] -- Shutting down ExecutorService 'applicationTaskExecutor'
[2019-11-18 22:04:16] [INFO ] [com.creams.temo.TemoApplication:50] -- Starting TemoApplication on KOTIN-GA365 with PID 71572 (C:\Users\Administrator\IdeaProjects\temoServer\target\classes started by Administrator in C:\Users\Administrator\IdeaProjects\temoServer)
[2019-11-18 22:04:16] [INFO ] [com.creams.temo.TemoApplication:647] -- No active profile set, falling back to default profiles: default
[2019-11-18 22:04:16] [INFO ] [org.springframework.boot.devtools.env.DevToolsPropertyDefaultsPostProcessor:225] -- Devtools property defaults active! Set 'spring.devtools.add-properties' to 'false' to disable
[2019-11-18 22:04:16] [INFO ] [org.springframework.boot.devtools.env.DevToolsPropertyDefaultsPostProcessor:225] -- For additional web related logging consider setting the 'logging.level.web' property to 'DEBUG'
[2019-11-18 22:04:19] [INFO ] [org.springframework.context.support.PostProcessorRegistrationDelegate$BeanPostProcessorChecker:330] -- Bean 'org.springframework.transaction.annotation.ProxyTransactionManagementConfiguration' of type [org.springframework.transaction.annotation.ProxyTransactionManagementConfiguration$$EnhancerBySpringCGLIB$$463d702a] is not eligible for getting processed by all BeanPostProcessors (for example: not eligible for auto-proxying)
[2019-11-18 22:04:20] [INFO ] [org.springframework.boot.web.embedded.tomcat.TomcatWebServer:90] -- Tomcat initialized with port(s): 8096 (http)
[2019-11-18 22:04:20] [INFO ] [org.apache.coyote.http11.Http11NioProtocol:173] -- Initializing ProtocolHandler ["http-nio-8096"]
[2019-11-18 22:04:20] [INFO ] [org.apache.catalina.core.StandardService:173] -- Starting service [Tomcat]
[2019-11-18 22:04:20] [INFO ] [org.apache.catalina.core.StandardEngine:173] -- Starting Servlet engine: [Apache Tomcat/9.0.22]
[2019-11-18 22:04:20] [INFO ] [org.apache.catalina.core.ContainerBase.[Tomcat].[localhost].[/]:173] -- Initializing Spring embedded WebApplicationContext
[2019-11-18 22:04:20] [INFO ] [org.springframework.web.context.ContextLoader:284] -- Root WebApplicationContext: initialization completed in 4649 ms
[2019-11-18 22:04:24] [INFO ] [springfox.documentation.spring.web.PropertySourcedRequestMappingHandlerMapping:69] -- Mapped URL path [/v2/api-docs] onto method [public org.springframework.http.ResponseEntity<springfox.documentation.spring.web.json.Json> springfox.documentation.swagger2.web.Swagger2Controller.getDocumentation(java.lang.String,javax.servlet.http.HttpServletRequest)]
[2019-11-18 22:04:24] [INFO ] [org.springframework.scheduling.concurrent.ThreadPoolTaskExecutor:171] -- Initializing ExecutorService 'applicationTaskExecutor'
[2019-11-18 22:04:24] [INFO ] [org.springframework.boot.devtools.autoconfigure.OptionalLiveReloadServer:57] -- LiveReload server is running on port 35729
[2019-11-18 22:04:25] [INFO ] [springfox.documentation.spring.web.plugins.DocumentationPluginsBootstrapper:160] -- Context refreshed
[2019-11-18 22:04:25] [INFO ] [springfox.documentation.spring.web.plugins.DocumentationPluginsBootstrapper:163] -- Found 1 custom documentation plugin(s)
[2019-11-18 22:04:25] [INFO ] [springfox.documentation.spring.web.scanners.ApiListingReferenceScanner:41] -- Scanning for api listing references
[2019-11-18 22:04:25] [INFO ] [org.apache.coyote.http11.Http11NioProtocol:173] -- Starting ProtocolHandler ["http-nio-8096"]
[2019-11-18 22:04:25] [INFO ] [org.springframework.boot.web.embedded.tomcat.TomcatWebServer:202] -- Tomcat started on port(s): 8096 (http) with context path ''
[2019-11-18 22:04:25] [INFO ] [com.creams.temo.TemoApplication:59] -- Started TemoApplication in 10.182 seconds (JVM running for 11.695)
[2019-11-18 22:04:50] [INFO ] [org.apache.catalina.core.ContainerBase.[Tomcat].[localhost].[/]:173] -- Initializing Spring DispatcherServlet 'dispatcherServlet'
[2019-11-18 22:04:50] [INFO ] [org.springframework.web.servlet.DispatcherServlet:524] -- Initializing Servlet 'dispatcherServlet'
[2019-11-18 22:04:50] [INFO ] [org.springframework.web.servlet.DispatcherServlet:546] -- Completed initialization in 12 ms
[2019-11-18 22:09:51] [INFO ] [com.creams.temo.TemoApplication:50] -- Starting TemoApplication on KOTIN-GA365 with PID 4176 (C:\Users\Administrator\IdeaProjects\temoServer\target\classes started by Administrator in C:\Users\Administrator\IdeaProjects\temoServer)
[2019-11-18 22:09:51] [INFO ] [com.creams.temo.TemoApplication:647] -- No active profile set, falling back to default profiles: default
[2019-11-18 22:09:51] [INFO ] [org.springframework.boot.devtools.env.DevToolsPropertyDefaultsPostProcessor:225] -- Devtools property defaults active! Set 'spring.devtools.add-properties' to 'false' to disable
[2019-11-18 22:09:51] [INFO ] [org.springframework.boot.devtools.env.DevToolsPropertyDefaultsPostProcessor:225] -- For additional web related logging consider setting the 'logging.level.web' property to 'DEBUG'
[2019-11-18 22:09:54] [INFO ] [org.springframework.context.support.PostProcessorRegistrationDelegate$BeanPostProcessorChecker:330] -- Bean 'org.springframework.transaction.annotation.ProxyTransactionManagementConfiguration' of type [org.springframework.transaction.annotation.ProxyTransactionManagementConfiguration$$EnhancerBySpringCGLIB$$8fa989e5] is not eligible for getting processed by all BeanPostProcessors (for example: not eligible for auto-proxying)
[2019-11-18 22:09:54] [INFO ] [org.springframework.boot.web.embedded.tomcat.TomcatWebServer:90] -- Tomcat initialized with port(s): 8096 (http)
[2019-11-18 22:09:55] [INFO ] [org.apache.coyote.http11.Http11NioProtocol:173] -- Initializing ProtocolHandler ["http-nio-8096"]
[2019-11-18 22:09:55] [INFO ] [org.apache.catalina.core.StandardService:173] -- Starting service [Tomcat]
[2019-11-18 22:09:55] [INFO ] [org.apache.catalina.core.StandardEngine:173] -- Starting Servlet engine: [Apache Tomcat/9.0.22]
[2019-11-18 22:09:55] [INFO ] [org.apache.catalina.core.ContainerBase.[Tomcat].[localhost].[/]:173] -- Initializing Spring embedded WebApplicationContext
[2019-11-18 22:09:55] [INFO ] [org.springframework.web.context.ContextLoader:284] -- Root WebApplicationContext: initialization completed in 3264 ms
[2019-11-18 22:09:57] [INFO ] [springfox.documentation.spring.web.PropertySourcedRequestMappingHandlerMapping:69] -- Mapped URL path [/v2/api-docs] onto method [public org.springframework.http.ResponseEntity<springfox.documentation.spring.web.json.Json> springfox.documentation.swagger2.web.Swagger2Controller.getDocumentation(java.lang.String,javax.servlet.http.HttpServletRequest)]
[2019-11-18 22:09:58] [INFO ] [org.springframework.scheduling.concurrent.ThreadPoolTaskExecutor:171] -- Initializing ExecutorService 'applicationTaskExecutor'
[2019-11-18 22:09:58] [INFO ] [org.springframework.boot.devtools.autoconfigure.OptionalLiveReloadServer:57] -- LiveReload server is running on port 35729
[2019-11-18 22:09:58] [INFO ] [springfox.documentation.spring.web.plugins.DocumentationPluginsBootstrapper:160] -- Context refreshed
[2019-11-18 22:09:58] [INFO ] [springfox.documentation.spring.web.plugins.DocumentationPluginsBootstrapper:163] -- Found 1 custom documentation plugin(s)
[2019-11-18 22:09:58] [INFO ] [springfox.documentation.spring.web.scanners.ApiListingReferenceScanner:41] -- Scanning for api listing references
[2019-11-18 22:09:58] [INFO ] [org.apache.coyote.http11.Http11NioProtocol:173] -- Starting ProtocolHandler ["http-nio-8096"]
[2019-11-18 22:09:58] [INFO ] [org.springframework.boot.web.embedded.tomcat.TomcatWebServer:202] -- Tomcat started on port(s): 8096 (http) with context path ''
[2019-11-18 22:09:58] [INFO ] [com.creams.temo.TemoApplication:59] -- Started TemoApplication in 7.705 seconds (JVM running for 8.998)
[2019-11-18 22:10:03] [INFO ] [org.apache.catalina.core.ContainerBase.[Tomcat].[localhost].[/]:173] -- Initializing Spring DispatcherServlet 'dispatcherServlet'
[2019-11-18 22:10:03] [INFO ] [org.springframework.web.servlet.DispatcherServlet:524] -- Initializing Servlet 'dispatcherServlet'
[2019-11-18 22:10:03] [INFO ] [org.springframework.web.servlet.DispatcherServlet:546] -- Completed initialization in 13 ms
[2019-11-18 22:37:16] [INFO ] [com.creams.temo.TemoApplication:50] -- Starting TemoApplication on KOTIN-GA365 with PID 7328 (C:\Users\Administrator\IdeaProjects\temoServer\target\classes started by Administrator in C:\Users\Administrator\IdeaProjects\temoServer)
[2019-11-18 22:37:16] [INFO ] [com.creams.temo.TemoApplication:647] -- No active profile set, falling back to default profiles: default
[2019-11-18 22:37:16] [INFO ] [org.springframework.boot.devtools.env.DevToolsPropertyDefaultsPostProcessor:225] -- Devtools property defaults active! Set 'spring.devtools.add-properties' to 'false' to disable
[2019-11-18 22:37:16] [INFO ] [org.springframework.boot.devtools.env.DevToolsPropertyDefaultsPostProcessor:225] -- For additional web related logging consider setting the 'logging.level.web' property to 'DEBUG'
[2019-11-18 22:37:17] [INFO ] [org.springframework.context.support.PostProcessorRegistrationDelegate$BeanPostProcessorChecker:330] -- Bean 'org.springframework.transaction.annotation.ProxyTransactionManagementConfiguration' of type [org.springframework.transaction.annotation.ProxyTransactionManagementConfiguration$$EnhancerBySpringCGLIB$$66d696df] is not eligible for getting processed by all BeanPostProcessors (for example: not eligible for auto-proxying)
[2019-11-18 22:37:17] [INFO ] [org.springframework.boot.web.embedded.tomcat.TomcatWebServer:90] -- Tomcat initialized with port(s): 8096 (http)
[2019-11-18 22:37:17] [INFO ] [org.apache.coyote.http11.Http11NioProtocol:173] -- Initializing ProtocolHandler ["http-nio-8096"]
[2019-11-18 22:37:17] [INFO ] [org.apache.catalina.core.StandardService:173] -- Starting service [Tomcat]
[2019-11-18 22:37:17] [INFO ] [org.apache.catalina.core.StandardEngine:173] -- Starting Servlet engine: [Apache Tomcat/9.0.22]
[2019-11-18 22:37:17] [INFO ] [org.apache.catalina.core.ContainerBase.[Tomcat].[localhost].[/]:173] -- Initializing Spring embedded WebApplicationContext
[2019-11-18 22:37:17] [INFO ] [org.springframework.web.context.ContextLoader:284] -- Root WebApplicationContext: initialization completed in 1285 ms
[2019-11-18 22:37:19] [INFO ] [springfox.documentation.spring.web.PropertySourcedRequestMappingHandlerMapping:69] -- Mapped URL path [/v2/api-docs] onto method [public org.springframework.http.ResponseEntity<springfox.documentation.spring.web.json.Json> springfox.documentation.swagger2.web.Swagger2Controller.getDocumentation(java.lang.String,javax.servlet.http.HttpServletRequest)]
[2019-11-18 22:37:20] [INFO ] [org.springframework.scheduling.concurrent.ThreadPoolTaskExecutor:171] -- Initializing ExecutorService 'applicationTaskExecutor'
[2019-11-18 22:37:20] [INFO ] [org.springframework.boot.devtools.autoconfigure.OptionalLiveReloadServer:57] -- LiveReload server is running on port 35729
[2019-11-18 22:37:20] [INFO ] [springfox.documentation.spring.web.plugins.DocumentationPluginsBootstrapper:160] -- Context refreshed
[2019-11-18 22:37:20] [INFO ] [springfox.documentation.spring.web.plugins.DocumentationPluginsBootstrapper:163] -- Found 1 custom documentation plugin(s)
[2019-11-18 22:37:20] [INFO ] [springfox.documentation.spring.web.scanners.ApiListingReferenceScanner:41] -- Scanning for api listing references
[2019-11-18 22:37:20] [INFO ] [org.apache.coyote.http11.Http11NioProtocol:173] -- Starting ProtocolHandler ["http-nio-8096"]
[2019-11-18 22:37:20] [INFO ] [org.springframework.boot.web.embedded.tomcat.TomcatWebServer:202] -- Tomcat started on port(s): 8096 (http) with context path ''
[2019-11-18 22:37:20] [INFO ] [com.creams.temo.TemoApplication:59] -- Started TemoApplication in 4.433 seconds (JVM running for 4.936)
[2019-11-18 22:37:28] [INFO ] [org.apache.catalina.core.ContainerBase.[Tomcat].[localhost].[/]:173] -- Initializing Spring DispatcherServlet 'dispatcherServlet'
[2019-11-18 22:37:28] [INFO ] [org.springframework.web.servlet.DispatcherServlet:524] -- Initializing Servlet 'dispatcherServlet'
[2019-11-18 22:37:28] [INFO ] [org.springframework.web.servlet.DispatcherServlet:546] -- Completed initialization in 7 ms
[2019-11-18 22:37:58] [INFO ] [com.creams.temo.TemoApplication:50] -- Starting TemoApplication on KOTIN-GA365 with PID 19904 (C:\Users\Administrator\IdeaProjects\temoServer\target\classes started by Administrator in C:\Users\Administrator\IdeaProjects\temoServer)
[2019-11-18 22:37:58] [INFO ] [com.creams.temo.TemoApplication:647] -- No active profile set, falling back to default profiles: default
[2019-11-18 22:37:58] [INFO ] [org.springframework.boot.devtools.env.DevToolsPropertyDefaultsPostProcessor:225] -- Devtools property defaults active! Set 'spring.devtools.add-properties' to 'false' to disable
[2019-11-18 22:37:58] [INFO ] [org.springframework.boot.devtools.env.DevToolsPropertyDefaultsPostProcessor:225] -- For additional web related logging consider setting the 'logging.level.web' property to 'DEBUG'
[2019-11-18 22:37:59] [INFO ] [org.springframework.context.support.PostProcessorRegistrationDelegate$BeanPostProcessorChecker:330] -- Bean 'org.springframework.transaction.annotation.ProxyTransactionManagementConfiguration' of type [org.springframework.transaction.annotation.ProxyTransactionManagementConfiguration$$EnhancerBySpringCGLIB$$31dba70e] is not eligible for getting processed by all BeanPostProcessors (for example: not eligible for auto-proxying)
[2019-11-18 22:37:59] [INFO ] [org.springframework.boot.web.embedded.tomcat.TomcatWebServer:90] -- Tomcat initialized with port(s): 8096 (http)
[2019-11-18 22:37:59] [INFO ] [org.apache.coyote.http11.Http11NioProtocol:173] -- Initializing ProtocolHandler ["http-nio-8096"]
[2019-11-18 22:37:59] [INFO ] [org.apache.catalina.core.StandardService:173] -- Starting service [Tomcat]
[2019-11-18 22:37:59] [INFO ] [org.apache.catalina.core.StandardEngine:173] -- Starting Servlet engine: [Apache Tomcat/9.0.22]
[2019-11-18 22:37:59] [INFO ] [org.apache.catalina.core.ContainerBase.[Tomcat].[localhost].[/]:173] -- Initializing Spring embedded WebApplicationContext
[2019-11-18 22:37:59] [INFO ] [org.springframework.web.context.ContextLoader:284] -- Root WebApplicationContext: initialization completed in 1204 ms
[2019-11-18 22:38:02] [INFO ] [springfox.documentation.spring.web.PropertySourcedRequestMappingHandlerMapping:69] -- Mapped URL path [/v2/api-docs] onto method [public org.springframework.http.ResponseEntity<springfox.documentation.spring.web.json.Json> springfox.documentation.swagger2.web.Swagger2Controller.getDocumentation(java.lang.String,javax.servlet.http.HttpServletRequest)]
[2019-11-18 22:38:02] [INFO ] [org.springframework.scheduling.concurrent.ThreadPoolTaskExecutor:171] -- Initializing ExecutorService 'applicationTaskExecutor'
[2019-11-18 22:38:02] [INFO ] [org.springframework.boot.devtools.autoconfigure.OptionalLiveReloadServer:57] -- LiveReload server is running on port 35729
[2019-11-18 22:38:02] [INFO ] [springfox.documentation.spring.web.plugins.DocumentationPluginsBootstrapper:160] -- Context refreshed
[2019-11-18 22:38:02] [INFO ] [springfox.documentation.spring.web.plugins.DocumentationPluginsBootstrapper:163] -- Found 1 custom documentation plugin(s)
[2019-11-18 22:38:02] [INFO ] [springfox.documentation.spring.web.scanners.ApiListingReferenceScanner:41] -- Scanning for api listing references
[2019-11-18 22:38:02] [INFO ] [org.apache.coyote.http11.Http11NioProtocol:173] -- Starting ProtocolHandler ["http-nio-8096"]
[2019-11-18 22:38:02] [INFO ] [org.springframework.boot.web.embedded.tomcat.TomcatWebServer:202] -- Tomcat started on port(s): 8096 (http) with context path ''
[2019-11-18 22:38:02] [INFO ] [com.creams.temo.TemoApplication:59] -- Started TemoApplication in 4.368 seconds (JVM running for 4.882)
[2019-11-18 22:38:09] [INFO ] [org.apache.catalina.core.ContainerBase.[Tomcat].[localhost].[/]:173] -- Initializing Spring DispatcherServlet 'dispatcherServlet'
[2019-11-18 22:38:09] [INFO ] [org.springframework.web.servlet.DispatcherServlet:524] -- Initializing Servlet 'dispatcherServlet'
[2019-11-18 22:38:09] [INFO ] [org.springframework.web.servlet.DispatcherServlet:546] -- Completed initialization in 4 ms
[2019-11-18 22:40:54] [INFO ] [com.creams.temo.TemoApplication:50] -- Starting TemoApplication on KOTIN-GA365 with PID 39972 (C:\Users\Administrator\IdeaProjects\temoServer\target\classes started by Administrator in C:\Users\Administrator\IdeaProjects\temoServer)
[2019-11-18 22:40:54] [INFO ] [com.creams.temo.TemoApplication:647] -- No active profile set, falling back to default profiles: default
[2019-11-18 22:40:54] [INFO ] [org.springframework.boot.devtools.env.DevToolsPropertyDefaultsPostProcessor:225] -- Devtools property defaults active! Set 'spring.devtools.add-properties' to 'false' to disable
[2019-11-18 22:40:54] [INFO ] [org.springframework.boot.devtools.env.DevToolsPropertyDefaultsPostProcessor:225] -- For additional web related logging consider setting the 'logging.level.web' property to 'DEBUG'
[2019-11-18 22:40:55] [INFO ] [org.springframework.context.support.PostProcessorRegistrationDelegate$BeanPostProcessorChecker:330] -- Bean 'org.springframework.transaction.annotation.ProxyTransactionManagementConfiguration' of type [org.springframework.transaction.annotation.ProxyTransactionManagementConfiguration$$EnhancerBySpringCGLIB$$f8d29dec] is not eligible for getting processed by all BeanPostProcessors (for example: not eligible for auto-proxying)
[2019-11-18 22:40:55] [INFO ] [org.springframework.boot.web.embedded.tomcat.TomcatWebServer:90] -- Tomcat initialized with port(s): 8096 (http)
[2019-11-18 22:40:55] [INFO ] [org.apache.coyote.http11.Http11NioProtocol:173] -- Initializing ProtocolHandler ["http-nio-8096"]
[2019-11-18 22:40:55] [INFO ] [org.apache.catalina.core.StandardService:173] -- Starting service [Tomcat]
[2019-11-18 22:40:55] [INFO ] [org.apache.catalina.core.StandardEngine:173] -- Starting Servlet engine: [Apache Tomcat/9.0.22]
[2019-11-18 22:40:55] [INFO ] [org.apache.catalina.core.ContainerBase.[Tomcat].[localhost].[/]:173] -- Initializing Spring embedded WebApplicationContext
[2019-11-18 22:40:55] [INFO ] [org.springframework.web.context.ContextLoader:284] -- Root WebApplicationContext: initialization completed in 1235 ms
[2019-11-18 22:40:57] [INFO ] [springfox.documentation.spring.web.PropertySourcedRequestMappingHandlerMapping:69] -- Mapped URL path [/v2/api-docs] onto method [public org.springframework.http.ResponseEntity<springfox.documentation.spring.web.json.Json> springfox.documentation.swagger2.web.Swagger2Controller.getDocumentation(java.lang.String,javax.servlet.http.HttpServletRequest)]
[2019-11-18 22:40:57] [INFO ] [org.springframework.scheduling.concurrent.ThreadPoolTaskExecutor:171] -- Initializing ExecutorService 'applicationTaskExecutor'
[2019-11-18 22:40:57] [INFO ] [org.springframework.boot.devtools.autoconfigure.OptionalLiveReloadServer:57] -- LiveReload server is running on port 35729
[2019-11-18 22:40:58] [INFO ] [springfox.documentation.spring.web.plugins.DocumentationPluginsBootstrapper:160] -- Context refreshed
[2019-11-18 22:40:58] [INFO ] [springfox.documentation.spring.web.plugins.DocumentationPluginsBootstrapper:163] -- Found 1 custom documentation plugin(s)
[2019-11-18 22:40:58] [INFO ] [springfox.documentation.spring.web.scanners.ApiListingReferenceScanner:41] -- Scanning for api listing references
[2019-11-18 22:40:58] [INFO ] [org.apache.coyote.http11.Http11NioProtocol:173] -- Starting ProtocolHandler ["http-nio-8096"]
[2019-11-18 22:40:58] [INFO ] [org.springframework.boot.web.embedded.tomcat.TomcatWebServer:202] -- Tomcat started on port(s): 8096 (http) with context path ''
[2019-11-18 22:40:58] [INFO ] [com.creams.temo.TemoApplication:59] -- Started TemoApplication in 4.392 seconds (JVM running for 4.912)
[2019-11-18 22:41:05] [INFO ] [org.apache.catalina.core.ContainerBase.[Tomcat].[localhost].[/]:173] -- Initializing Spring DispatcherServlet 'dispatcherServlet'
[2019-11-18 22:41:05] [INFO ] [org.springframework.web.servlet.DispatcherServlet:524] -- Initializing Servlet 'dispatcherServlet'
[2019-11-18 22:41:05] [INFO ] [org.springframework.web.servlet.DispatcherServlet:546] -- Completed initialization in 4 ms
