[2019-10-16 21:25:02] [INFO ] [com.creams.temo.TemoApplication:50] -- Starting TemoApplication on KOTIN-GA365 with PID 25312 (C:\Users\Administrator\IdeaProjects\temoServer\target\classes started by Administrator in C:\Users\Administrator\IdeaProjects\temoServer)
[2019-10-16 21:25:02] [INFO ] [com.creams.temo.TemoApplication:647] -- No active profile set, falling back to default profiles: default
[2019-10-16 21:25:02] [INFO ] [org.springframework.boot.devtools.env.DevToolsPropertyDefaultsPostProcessor:225] -- Devtools property defaults active! Set 'spring.devtools.add-properties' to 'false' to disable
[2019-10-16 21:25:02] [INFO ] [org.springframework.boot.devtools.env.DevToolsPropertyDefaultsPostProcessor:225] -- For additional web related logging consider setting the 'logging.level.web' property to 'DEBUG'
[2019-10-16 21:25:05] [INFO ] [org.springframework.context.support.PostProcessorRegistrationDelegate$BeanPostProcessorChecker:330] -- Bean 'org.springframework.transaction.annotation.ProxyTransactionManagementConfiguration' of type [org.springframework.transaction.annotation.ProxyTransactionManagementConfiguration$$EnhancerBySpringCGLIB$$1ad4f50] is not eligible for getting processed by all BeanPostProcessors (for example: not eligible for auto-proxying)
[2019-10-16 21:25:06] [INFO ] [org.springframework.boot.web.embedded.tomcat.TomcatWebServer:90] -- Tomcat initialized with port(s): 8096 (http)
[2019-10-16 21:25:06] [INFO ] [org.apache.coyote.http11.Http11NioProtocol:173] -- Initializing ProtocolHandler ["http-nio-8096"]
[2019-10-16 21:25:06] [INFO ] [org.apache.catalina.core.StandardService:173] -- Starting service [Tomcat]
[2019-10-16 21:25:06] [INFO ] [org.apache.catalina.core.StandardEngine:173] -- Starting Servlet engine: [Apache Tomcat/9.0.22]
[2019-10-16 21:25:06] [INFO ] [org.apache.catalina.core.ContainerBase.[Tomcat].[localhost].[/]:173] -- Initializing Spring embedded WebApplicationContext
[2019-10-16 21:25:06] [INFO ] [org.springframework.web.context.ContextLoader:284] -- Root WebApplicationContext: initialization completed in 3538 ms
[2019-10-16 21:25:06] [INFO ] [com.alibaba.druid.pool.DruidDataSource:106] -- {dataSource-1} inited
[2019-10-16 21:25:08] [INFO ] [springfox.documentation.spring.web.PropertySourcedRequestMappingHandlerMapping:69] -- Mapped URL path [/v2/api-docs] onto method [public org.springframework.http.ResponseEntity<springfox.documentation.spring.web.json.Json> springfox.documentation.swagger2.web.Swagger2Controller.getDocumentation(java.lang.String,javax.servlet.http.HttpServletRequest)]
[2019-10-16 21:25:08] [INFO ] [org.springframework.scheduling.concurrent.ThreadPoolTaskExecutor:171] -- Initializing ExecutorService 'applicationTaskExecutor'
[2019-10-16 21:25:08] [INFO ] [org.springframework.boot.devtools.autoconfigure.OptionalLiveReloadServer:57] -- LiveReload server is running on port 35729
[2019-10-16 21:25:08] [INFO ] [springfox.documentation.spring.web.plugins.DocumentationPluginsBootstrapper:160] -- Context refreshed
[2019-10-16 21:25:08] [INFO ] [springfox.documentation.spring.web.plugins.DocumentationPluginsBootstrapper:163] -- Found 1 custom documentation plugin(s)
[2019-10-16 21:25:08] [INFO ] [springfox.documentation.spring.web.scanners.ApiListingReferenceScanner:41] -- Scanning for api listing references
[2019-10-16 21:25:08] [INFO ] [org.apache.coyote.http11.Http11NioProtocol:173] -- Starting ProtocolHandler ["http-nio-8096"]
[2019-10-16 21:25:08] [INFO ] [org.springframework.boot.web.embedded.tomcat.TomcatWebServer:202] -- Tomcat started on port(s): 8096 (http) with context path ''
[2019-10-16 21:25:08] [INFO ] [com.creams.temo.TemoApplication:59] -- Started TemoApplication in 6.844 seconds (JVM running for 8.362)
[2019-10-16 21:25:28] [INFO ] [org.apache.catalina.core.ContainerBase.[Tomcat].[localhost].[/]:173] -- Initializing Spring DispatcherServlet 'dispatcherServlet'
[2019-10-16 21:25:28] [INFO ] [org.springframework.web.servlet.DispatcherServlet:524] -- Initializing Servlet 'dispatcherServlet'
[2019-10-16 21:25:28] [INFO ] [org.springframework.web.servlet.DispatcherServlet:546] -- Completed initialization in 8 ms
[2019-10-16 21:27:05] [INFO ] [com.creams.temo.TemoApplication:50] -- Starting TemoApplication on KOTIN-GA365 with PID 23528 (C:\Users\Administrator\IdeaProjects\temoServer\target\classes started by Administrator in C:\Users\Administrator\IdeaProjects\temoServer)
[2019-10-16 21:27:05] [INFO ] [com.creams.temo.TemoApplication:647] -- No active profile set, falling back to default profiles: default
[2019-10-16 21:27:06] [INFO ] [org.springframework.boot.devtools.env.DevToolsPropertyDefaultsPostProcessor:225] -- Devtools property defaults active! Set 'spring.devtools.add-properties' to 'false' to disable
[2019-10-16 21:27:06] [INFO ] [org.springframework.boot.devtools.env.DevToolsPropertyDefaultsPostProcessor:225] -- For additional web related logging consider setting the 'logging.level.web' property to 'DEBUG'
[2019-10-16 21:27:07] [INFO ] [org.springframework.context.support.PostProcessorRegistrationDelegate$BeanPostProcessorChecker:330] -- Bean 'org.springframework.transaction.annotation.ProxyTransactionManagementConfiguration' of type [org.springframework.transaction.annotation.ProxyTransactionManagementConfiguration$$EnhancerBySpringCGLIB$$f004c7a9] is not eligible for getting processed by all BeanPostProcessors (for example: not eligible for auto-proxying)
[2019-10-16 21:27:07] [INFO ] [org.springframework.boot.web.embedded.tomcat.TomcatWebServer:90] -- Tomcat initialized with port(s): 8096 (http)
[2019-10-16 21:27:07] [INFO ] [org.apache.coyote.http11.Http11NioProtocol:173] -- Initializing ProtocolHandler ["http-nio-8096"]
[2019-10-16 21:27:07] [INFO ] [org.apache.catalina.core.StandardService:173] -- Starting service [Tomcat]
[2019-10-16 21:27:07] [INFO ] [org.apache.catalina.core.StandardEngine:173] -- Starting Servlet engine: [Apache Tomcat/9.0.22]
[2019-10-16 21:27:07] [INFO ] [org.apache.catalina.core.ContainerBase.[Tomcat].[localhost].[/]:173] -- Initializing Spring embedded WebApplicationContext
[2019-10-16 21:27:07] [INFO ] [org.springframework.web.context.ContextLoader:284] -- Root WebApplicationContext: initialization completed in 1655 ms
[2019-10-16 21:27:08] [INFO ] [com.alibaba.druid.pool.DruidDataSource:106] -- {dataSource-1} inited
[2019-10-16 21:27:08] [INFO ] [springfox.documentation.spring.web.PropertySourcedRequestMappingHandlerMapping:69] -- Mapped URL path [/v2/api-docs] onto method [public org.springframework.http.ResponseEntity<springfox.documentation.spring.web.json.Json> springfox.documentation.swagger2.web.Swagger2Controller.getDocumentation(java.lang.String,javax.servlet.http.HttpServletRequest)]
[2019-10-16 21:27:09] [INFO ] [org.springframework.scheduling.concurrent.ThreadPoolTaskExecutor:171] -- Initializing ExecutorService 'applicationTaskExecutor'
[2019-10-16 21:27:09] [INFO ] [org.springframework.boot.devtools.autoconfigure.OptionalLiveReloadServer:57] -- LiveReload server is running on port 35729
[2019-10-16 21:27:09] [INFO ] [springfox.documentation.spring.web.plugins.DocumentationPluginsBootstrapper:160] -- Context refreshed
[2019-10-16 21:27:09] [INFO ] [springfox.documentation.spring.web.plugins.DocumentationPluginsBootstrapper:163] -- Found 1 custom documentation plugin(s)
[2019-10-16 21:27:09] [INFO ] [springfox.documentation.spring.web.scanners.ApiListingReferenceScanner:41] -- Scanning for api listing references
[2019-10-16 21:27:09] [INFO ] [org.apache.coyote.http11.Http11NioProtocol:173] -- Starting ProtocolHandler ["http-nio-8096"]
[2019-10-16 21:27:09] [INFO ] [org.springframework.boot.web.embedded.tomcat.TomcatWebServer:202] -- Tomcat started on port(s): 8096 (http) with context path ''
[2019-10-16 21:27:09] [INFO ] [com.creams.temo.TemoApplication:59] -- Started TemoApplication in 4.035 seconds (JVM running for 4.851)
[2019-10-16 21:27:31] [INFO ] [org.apache.catalina.core.ContainerBase.[Tomcat].[localhost].[/]:173] -- Initializing Spring DispatcherServlet 'dispatcherServlet'
[2019-10-16 21:27:31] [INFO ] [org.springframework.web.servlet.DispatcherServlet:524] -- Initializing Servlet 'dispatcherServlet'
[2019-10-16 21:27:31] [INFO ] [org.springframework.web.servlet.DispatcherServlet:546] -- Completed initialization in 6 ms
[2019-10-16 21:32:13] [INFO ] [com.creams.temo.TemoApplication:50] -- Starting TemoApplication on KOTIN-GA365 with PID 24316 (C:\Users\Administrator\IdeaProjects\temoServer\target\classes started by Administrator in C:\Users\Administrator\IdeaProjects\temoServer)
[2019-10-16 21:32:13] [INFO ] [com.creams.temo.TemoApplication:647] -- No active profile set, falling back to default profiles: default
[2019-10-16 21:32:13] [INFO ] [org.springframework.boot.devtools.env.DevToolsPropertyDefaultsPostProcessor:225] -- Devtools property defaults active! Set 'spring.devtools.add-properties' to 'false' to disable
[2019-10-16 21:32:13] [INFO ] [org.springframework.boot.devtools.env.DevToolsPropertyDefaultsPostProcessor:225] -- For additional web related logging consider setting the 'logging.level.web' property to 'DEBUG'
[2019-10-16 21:32:14] [INFO ] [org.springframework.context.support.PostProcessorRegistrationDelegate$BeanPostProcessorChecker:330] -- Bean 'org.springframework.transaction.annotation.ProxyTransactionManagementConfiguration' of type [org.springframework.transaction.annotation.ProxyTransactionManagementConfiguration$$EnhancerBySpringCGLIB$$df2b83b9] is not eligible for getting processed by all BeanPostProcessors (for example: not eligible for auto-proxying)
[2019-10-16 21:32:15] [INFO ] [org.springframework.boot.web.embedded.tomcat.TomcatWebServer:90] -- Tomcat initialized with port(s): 8096 (http)
[2019-10-16 21:32:15] [INFO ] [org.apache.coyote.http11.Http11NioProtocol:173] -- Initializing ProtocolHandler ["http-nio-8096"]
[2019-10-16 21:32:15] [INFO ] [org.apache.catalina.core.StandardService:173] -- Starting service [Tomcat]
[2019-10-16 21:32:15] [INFO ] [org.apache.catalina.core.StandardEngine:173] -- Starting Servlet engine: [Apache Tomcat/9.0.22]
[2019-10-16 21:32:15] [INFO ] [org.apache.catalina.core.ContainerBase.[Tomcat].[localhost].[/]:173] -- Initializing Spring embedded WebApplicationContext
[2019-10-16 21:32:15] [INFO ] [org.springframework.web.context.ContextLoader:284] -- Root WebApplicationContext: initialization completed in 1941 ms
[2019-10-16 21:32:15] [INFO ] [com.alibaba.druid.pool.DruidDataSource:106] -- {dataSource-1} inited
[2019-10-16 21:32:16] [INFO ] [springfox.documentation.spring.web.PropertySourcedRequestMappingHandlerMapping:69] -- Mapped URL path [/v2/api-docs] onto method [public org.springframework.http.ResponseEntity<springfox.documentation.spring.web.json.Json> springfox.documentation.swagger2.web.Swagger2Controller.getDocumentation(java.lang.String,javax.servlet.http.HttpServletRequest)]
[2019-10-16 21:32:16] [INFO ] [org.springframework.scheduling.concurrent.ThreadPoolTaskExecutor:171] -- Initializing ExecutorService 'applicationTaskExecutor'
[2019-10-16 21:32:16] [INFO ] [org.springframework.boot.devtools.autoconfigure.OptionalLiveReloadServer:57] -- LiveReload server is running on port 35729
[2019-10-16 21:32:16] [INFO ] [springfox.documentation.spring.web.plugins.DocumentationPluginsBootstrapper:160] -- Context refreshed
[2019-10-16 21:32:16] [INFO ] [springfox.documentation.spring.web.plugins.DocumentationPluginsBootstrapper:163] -- Found 1 custom documentation plugin(s)
[2019-10-16 21:32:16] [INFO ] [springfox.documentation.spring.web.scanners.ApiListingReferenceScanner:41] -- Scanning for api listing references
[2019-10-16 21:32:16] [INFO ] [org.apache.coyote.http11.Http11NioProtocol:173] -- Starting ProtocolHandler ["http-nio-8096"]
[2019-10-16 21:32:16] [INFO ] [org.springframework.boot.web.embedded.tomcat.TomcatWebServer:202] -- Tomcat started on port(s): 8096 (http) with context path ''
[2019-10-16 21:32:16] [INFO ] [com.creams.temo.TemoApplication:59] -- Started TemoApplication in 4.314 seconds (JVM running for 5.158)
[2019-10-16 21:32:21] [INFO ] [org.apache.catalina.core.ContainerBase.[Tomcat].[localhost].[/]:173] -- Initializing Spring DispatcherServlet 'dispatcherServlet'
[2019-10-16 21:32:21] [INFO ] [org.springframework.web.servlet.DispatcherServlet:524] -- Initializing Servlet 'dispatcherServlet'
[2019-10-16 21:32:21] [INFO ] [org.springframework.web.servlet.DispatcherServlet:546] -- Completed initialization in 8 ms
[2019-10-16 21:36:29] [INFO ] [com.creams.temo.TemoApplication:50] -- Starting TemoApplication on KOTIN-GA365 with PID 11732 (C:\Users\Administrator\IdeaProjects\temoServer\target\classes started by Administrator in C:\Users\Administrator\IdeaProjects\temoServer)
[2019-10-16 21:36:29] [INFO ] [com.creams.temo.TemoApplication:647] -- No active profile set, falling back to default profiles: default
[2019-10-16 21:36:29] [INFO ] [org.springframework.boot.devtools.env.DevToolsPropertyDefaultsPostProcessor:225] -- Devtools property defaults active! Set 'spring.devtools.add-properties' to 'false' to disable
[2019-10-16 21:36:29] [INFO ] [org.springframework.boot.devtools.env.DevToolsPropertyDefaultsPostProcessor:225] -- For additional web related logging consider setting the 'logging.level.web' property to 'DEBUG'
[2019-10-16 21:36:30] [INFO ] [org.springframework.context.support.PostProcessorRegistrationDelegate$BeanPostProcessorChecker:330] -- Bean 'org.springframework.transaction.annotation.ProxyTransactionManagementConfiguration' of type [org.springframework.transaction.annotation.ProxyTransactionManagementConfiguration$$EnhancerBySpringCGLIB$$f12afbd9] is not eligible for getting processed by all BeanPostProcessors (for example: not eligible for auto-proxying)
[2019-10-16 21:36:31] [INFO ] [org.springframework.boot.web.embedded.tomcat.TomcatWebServer:90] -- Tomcat initialized with port(s): 8096 (http)
[2019-10-16 21:36:31] [INFO ] [org.apache.coyote.http11.Http11NioProtocol:173] -- Initializing ProtocolHandler ["http-nio-8096"]
[2019-10-16 21:36:31] [INFO ] [org.apache.catalina.core.StandardService:173] -- Starting service [Tomcat]
[2019-10-16 21:36:31] [INFO ] [org.apache.catalina.core.StandardEngine:173] -- Starting Servlet engine: [Apache Tomcat/9.0.22]
[2019-10-16 21:36:31] [INFO ] [org.apache.catalina.core.ContainerBase.[Tomcat].[localhost].[/]:173] -- Initializing Spring embedded WebApplicationContext
[2019-10-16 21:36:31] [INFO ] [org.springframework.web.context.ContextLoader:284] -- Root WebApplicationContext: initialization completed in 1690 ms
[2019-10-16 21:36:31] [INFO ] [com.alibaba.druid.pool.DruidDataSource:106] -- {dataSource-1} inited
[2019-10-16 21:36:32] [INFO ] [springfox.documentation.spring.web.PropertySourcedRequestMappingHandlerMapping:69] -- Mapped URL path [/v2/api-docs] onto method [public org.springframework.http.ResponseEntity<springfox.documentation.spring.web.json.Json> springfox.documentation.swagger2.web.Swagger2Controller.getDocumentation(java.lang.String,javax.servlet.http.HttpServletRequest)]
[2019-10-16 21:36:32] [INFO ] [org.springframework.scheduling.concurrent.ThreadPoolTaskExecutor:171] -- Initializing ExecutorService 'applicationTaskExecutor'
[2019-10-16 21:36:32] [INFO ] [org.springframework.boot.devtools.autoconfigure.OptionalLiveReloadServer:57] -- LiveReload server is running on port 35729
[2019-10-16 21:36:32] [INFO ] [springfox.documentation.spring.web.plugins.DocumentationPluginsBootstrapper:160] -- Context refreshed
[2019-10-16 21:36:32] [INFO ] [springfox.documentation.spring.web.plugins.DocumentationPluginsBootstrapper:163] -- Found 1 custom documentation plugin(s)
[2019-10-16 21:36:32] [INFO ] [springfox.documentation.spring.web.scanners.ApiListingReferenceScanner:41] -- Scanning for api listing references
[2019-10-16 21:36:32] [INFO ] [org.apache.coyote.http11.Http11NioProtocol:173] -- Starting ProtocolHandler ["http-nio-8096"]
[2019-10-16 21:36:32] [INFO ] [org.springframework.boot.web.embedded.tomcat.TomcatWebServer:202] -- Tomcat started on port(s): 8096 (http) with context path ''
[2019-10-16 21:36:32] [INFO ] [com.creams.temo.TemoApplication:59] -- Started TemoApplication in 3.968 seconds (JVM running for 4.797)
[2019-10-16 21:38:29] [INFO ] [org.apache.catalina.core.ContainerBase.[Tomcat].[localhost].[/]:173] -- Initializing Spring DispatcherServlet 'dispatcherServlet'
[2019-10-16 21:38:29] [INFO ] [org.springframework.web.servlet.DispatcherServlet:524] -- Initializing Servlet 'dispatcherServlet'
[2019-10-16 21:38:29] [INFO ] [org.springframework.web.servlet.DispatcherServlet:546] -- Completed initialization in 5 ms
[2019-10-16 21:40:35] [INFO ] [com.creams.temo.TemoApplication:50] -- Starting TemoApplication on KOTIN-GA365 with PID 4136 (C:\Users\Administrator\IdeaProjects\temoServer\target\classes started by Administrator in C:\Users\Administrator\IdeaProjects\temoServer)
[2019-10-16 21:40:35] [INFO ] [com.creams.temo.TemoApplication:647] -- No active profile set, falling back to default profiles: default
[2019-10-16 21:40:35] [INFO ] [org.springframework.boot.devtools.env.DevToolsPropertyDefaultsPostProcessor:225] -- Devtools property defaults active! Set 'spring.devtools.add-properties' to 'false' to disable
[2019-10-16 21:40:35] [INFO ] [org.springframework.boot.devtools.env.DevToolsPropertyDefaultsPostProcessor:225] -- For additional web related logging consider setting the 'logging.level.web' property to 'DEBUG'
[2019-10-16 21:40:36] [INFO ] [org.springframework.context.support.PostProcessorRegistrationDelegate$BeanPostProcessorChecker:330] -- Bean 'org.springframework.transaction.annotation.ProxyTransactionManagementConfiguration' of type [org.springframework.transaction.annotation.ProxyTransactionManagementConfiguration$$EnhancerBySpringCGLIB$$f26ad692] is not eligible for getting processed by all BeanPostProcessors (for example: not eligible for auto-proxying)
[2019-10-16 21:40:37] [INFO ] [org.springframework.boot.web.embedded.tomcat.TomcatWebServer:90] -- Tomcat initialized with port(s): 8096 (http)
[2019-10-16 21:40:37] [INFO ] [org.apache.coyote.http11.Http11NioProtocol:173] -- Initializing ProtocolHandler ["http-nio-8096"]
[2019-10-16 21:40:37] [INFO ] [org.apache.catalina.core.StandardService:173] -- Starting service [Tomcat]
[2019-10-16 21:40:37] [INFO ] [org.apache.catalina.core.StandardEngine:173] -- Starting Servlet engine: [Apache Tomcat/9.0.22]
[2019-10-16 21:40:37] [INFO ] [org.apache.catalina.core.ContainerBase.[Tomcat].[localhost].[/]:173] -- Initializing Spring embedded WebApplicationContext
[2019-10-16 21:40:37] [INFO ] [org.springframework.web.context.ContextLoader:284] -- Root WebApplicationContext: initialization completed in 1660 ms
[2019-10-16 21:40:37] [INFO ] [com.alibaba.druid.pool.DruidDataSource:106] -- {dataSource-1} inited
[2019-10-16 21:40:38] [INFO ] [springfox.documentation.spring.web.PropertySourcedRequestMappingHandlerMapping:69] -- Mapped URL path [/v2/api-docs] onto method [public org.springframework.http.ResponseEntity<springfox.documentation.spring.web.json.Json> springfox.documentation.swagger2.web.Swagger2Controller.getDocumentation(java.lang.String,javax.servlet.http.HttpServletRequest)]
[2019-10-16 21:40:38] [INFO ] [org.springframework.scheduling.concurrent.ThreadPoolTaskExecutor:171] -- Initializing ExecutorService 'applicationTaskExecutor'
[2019-10-16 21:40:38] [INFO ] [org.springframework.boot.devtools.autoconfigure.OptionalLiveReloadServer:57] -- LiveReload server is running on port 35729
[2019-10-16 21:40:38] [INFO ] [springfox.documentation.spring.web.plugins.DocumentationPluginsBootstrapper:160] -- Context refreshed
[2019-10-16 21:40:38] [INFO ] [springfox.documentation.spring.web.plugins.DocumentationPluginsBootstrapper:163] -- Found 1 custom documentation plugin(s)
[2019-10-16 21:40:38] [INFO ] [springfox.documentation.spring.web.scanners.ApiListingReferenceScanner:41] -- Scanning for api listing references
[2019-10-16 21:40:39] [INFO ] [org.apache.coyote.http11.Http11NioProtocol:173] -- Starting ProtocolHandler ["http-nio-8096"]
[2019-10-16 21:40:39] [INFO ] [org.springframework.boot.web.embedded.tomcat.TomcatWebServer:202] -- Tomcat started on port(s): 8096 (http) with context path ''
[2019-10-16 21:40:39] [INFO ] [com.creams.temo.TemoApplication:59] -- Started TemoApplication in 4.148 seconds (JVM running for 4.838)
[2019-10-16 21:40:45] [INFO ] [org.apache.catalina.core.ContainerBase.[Tomcat].[localhost].[/]:173] -- Initializing Spring DispatcherServlet 'dispatcherServlet'
[2019-10-16 21:40:45] [INFO ] [org.springframework.web.servlet.DispatcherServlet:524] -- Initializing Servlet 'dispatcherServlet'
[2019-10-16 21:40:45] [INFO ] [org.springframework.web.servlet.DispatcherServlet:546] -- Completed initialization in 9 ms
[2019-10-16 21:41:30] [INFO ] [com.creams.temo.TemoApplication:50] -- Starting TemoApplication on KOTIN-GA365 with PID 24304 (C:\Users\Administrator\IdeaProjects\temoServer\target\classes started by Administrator in C:\Users\Administrator\IdeaProjects\temoServer)
[2019-10-16 21:41:30] [INFO ] [com.creams.temo.TemoApplication:647] -- No active profile set, falling back to default profiles: default
[2019-10-16 21:41:30] [INFO ] [org.springframework.boot.devtools.env.DevToolsPropertyDefaultsPostProcessor:225] -- Devtools property defaults active! Set 'spring.devtools.add-properties' to 'false' to disable
[2019-10-16 21:41:30] [INFO ] [org.springframework.boot.devtools.env.DevToolsPropertyDefaultsPostProcessor:225] -- For additional web related logging consider setting the 'logging.level.web' property to 'DEBUG'
[2019-10-16 21:41:33] [INFO ] [org.springframework.context.support.PostProcessorRegistrationDelegate$BeanPostProcessorChecker:330] -- Bean 'org.springframework.transaction.annotation.ProxyTransactionManagementConfiguration' of type [org.springframework.transaction.annotation.ProxyTransactionManagementConfiguration$$EnhancerBySpringCGLIB$$cc70a341] is not eligible for getting processed by all BeanPostProcessors (for example: not eligible for auto-proxying)
[2019-10-16 21:41:33] [INFO ] [org.springframework.boot.web.embedded.tomcat.TomcatWebServer:90] -- Tomcat initialized with port(s): 8096 (http)
[2019-10-16 21:41:33] [INFO ] [org.apache.coyote.http11.Http11NioProtocol:173] -- Initializing ProtocolHandler ["http-nio-8096"]
[2019-10-16 21:41:33] [INFO ] [org.apache.catalina.core.StandardService:173] -- Starting service [Tomcat]
[2019-10-16 21:41:33] [INFO ] [org.apache.catalina.core.StandardEngine:173] -- Starting Servlet engine: [Apache Tomcat/9.0.22]
[2019-10-16 21:41:33] [INFO ] [org.apache.catalina.core.ContainerBase.[Tomcat].[localhost].[/]:173] -- Initializing Spring embedded WebApplicationContext
[2019-10-16 21:41:33] [INFO ] [org.springframework.web.context.ContextLoader:284] -- Root WebApplicationContext: initialization completed in 2474 ms
[2019-10-16 21:41:33] [INFO ] [com.alibaba.druid.pool.DruidDataSource:106] -- {dataSource-1} inited
[2019-10-16 21:41:34] [INFO ] [springfox.documentation.spring.web.PropertySourcedRequestMappingHandlerMapping:69] -- Mapped URL path [/v2/api-docs] onto method [public org.springframework.http.ResponseEntity<springfox.documentation.spring.web.json.Json> springfox.documentation.swagger2.web.Swagger2Controller.getDocumentation(java.lang.String,javax.servlet.http.HttpServletRequest)]
[2019-10-16 21:41:34] [INFO ] [org.springframework.scheduling.concurrent.ThreadPoolTaskExecutor:171] -- Initializing ExecutorService 'applicationTaskExecutor'
[2019-10-16 21:41:34] [INFO ] [org.springframework.boot.devtools.autoconfigure.OptionalLiveReloadServer:57] -- LiveReload server is running on port 35729
[2019-10-16 21:41:35] [INFO ] [springfox.documentation.spring.web.plugins.DocumentationPluginsBootstrapper:160] -- Context refreshed
[2019-10-16 21:41:35] [INFO ] [springfox.documentation.spring.web.plugins.DocumentationPluginsBootstrapper:163] -- Found 1 custom documentation plugin(s)
[2019-10-16 21:41:35] [INFO ] [springfox.documentation.spring.web.scanners.ApiListingReferenceScanner:41] -- Scanning for api listing references
[2019-10-16 21:41:35] [INFO ] [org.apache.coyote.http11.Http11NioProtocol:173] -- Starting ProtocolHandler ["http-nio-8096"]
[2019-10-16 21:41:35] [INFO ] [org.springframework.boot.web.embedded.tomcat.TomcatWebServer:202] -- Tomcat started on port(s): 8096 (http) with context path ''
[2019-10-16 21:41:35] [INFO ] [com.creams.temo.TemoApplication:59] -- Started TemoApplication in 5.079 seconds (JVM running for 5.902)
[2019-10-16 21:43:18] [INFO ] [com.creams.temo.TemoApplication:50] -- Starting TemoApplication on KOTIN-GA365 with PID 25320 (C:\Users\Administrator\IdeaProjects\temoServer\target\classes started by Administrator in C:\Users\Administrator\IdeaProjects\temoServer)
[2019-10-16 21:43:18] [INFO ] [com.creams.temo.TemoApplication:647] -- No active profile set, falling back to default profiles: default
[2019-10-16 21:43:19] [INFO ] [org.springframework.boot.devtools.env.DevToolsPropertyDefaultsPostProcessor:225] -- Devtools property defaults active! Set 'spring.devtools.add-properties' to 'false' to disable
[2019-10-16 21:43:19] [INFO ] [org.springframework.boot.devtools.env.DevToolsPropertyDefaultsPostProcessor:225] -- For additional web related logging consider setting the 'logging.level.web' property to 'DEBUG'
[2019-10-16 21:43:20] [INFO ] [org.springframework.context.support.PostProcessorRegistrationDelegate$BeanPostProcessorChecker:330] -- Bean 'org.springframework.transaction.annotation.ProxyTransactionManagementConfiguration' of type [org.springframework.transaction.annotation.ProxyTransactionManagementConfiguration$$EnhancerBySpringCGLIB$$52ec4f72] is not eligible for getting processed by all BeanPostProcessors (for example: not eligible for auto-proxying)
[2019-10-16 21:43:20] [INFO ] [org.springframework.boot.web.embedded.tomcat.TomcatWebServer:90] -- Tomcat initialized with port(s): 8096 (http)
[2019-10-16 21:43:20] [INFO ] [org.apache.coyote.http11.Http11NioProtocol:173] -- Initializing ProtocolHandler ["http-nio-8096"]
[2019-10-16 21:43:20] [INFO ] [org.apache.catalina.core.StandardService:173] -- Starting service [Tomcat]
[2019-10-16 21:43:20] [INFO ] [org.apache.catalina.core.StandardEngine:173] -- Starting Servlet engine: [Apache Tomcat/9.0.22]
[2019-10-16 21:43:20] [INFO ] [org.apache.catalina.core.ContainerBase.[Tomcat].[localhost].[/]:173] -- Initializing Spring embedded WebApplicationContext
[2019-10-16 21:43:20] [INFO ] [org.springframework.web.context.ContextLoader:284] -- Root WebApplicationContext: initialization completed in 1881 ms
[2019-10-16 21:43:21] [INFO ] [com.alibaba.druid.pool.DruidDataSource:106] -- {dataSource-1} inited
[2019-10-16 21:43:22] [INFO ] [springfox.documentation.spring.web.PropertySourcedRequestMappingHandlerMapping:69] -- Mapped URL path [/v2/api-docs] onto method [public org.springframework.http.ResponseEntity<springfox.documentation.spring.web.json.Json> springfox.documentation.swagger2.web.Swagger2Controller.getDocumentation(java.lang.String,javax.servlet.http.HttpServletRequest)]
[2019-10-16 21:43:22] [INFO ] [org.springframework.scheduling.concurrent.ThreadPoolTaskExecutor:171] -- Initializing ExecutorService 'applicationTaskExecutor'
[2019-10-16 21:43:22] [INFO ] [org.springframework.boot.devtools.autoconfigure.OptionalLiveReloadServer:57] -- LiveReload server is running on port 35729
[2019-10-16 21:43:22] [INFO ] [springfox.documentation.spring.web.plugins.DocumentationPluginsBootstrapper:160] -- Context refreshed
[2019-10-16 21:43:22] [INFO ] [springfox.documentation.spring.web.plugins.DocumentationPluginsBootstrapper:163] -- Found 1 custom documentation plugin(s)
[2019-10-16 21:43:22] [INFO ] [springfox.documentation.spring.web.scanners.ApiListingReferenceScanner:41] -- Scanning for api listing references
[2019-10-16 21:43:22] [INFO ] [org.apache.coyote.http11.Http11NioProtocol:173] -- Starting ProtocolHandler ["http-nio-8096"]
[2019-10-16 21:43:22] [INFO ] [org.springframework.boot.web.embedded.tomcat.TomcatWebServer:202] -- Tomcat started on port(s): 8096 (http) with context path ''
[2019-10-16 21:43:22] [INFO ] [com.creams.temo.TemoApplication:59] -- Started TemoApplication in 4.321 seconds (JVM running for 5.074)
[2019-10-16 21:43:26] [INFO ] [org.apache.catalina.core.ContainerBase.[Tomcat].[localhost].[/]:173] -- Initializing Spring DispatcherServlet 'dispatcherServlet'
[2019-10-16 21:43:26] [INFO ] [org.springframework.web.servlet.DispatcherServlet:524] -- Initializing Servlet 'dispatcherServlet'
[2019-10-16 21:43:26] [INFO ] [org.springframework.web.servlet.DispatcherServlet:546] -- Completed initialization in 7 ms
[2019-10-16 21:48:35] [INFO ] [com.creams.temo.TemoApplication:50] -- Starting TemoApplication on KOTIN-GA365 with PID 22036 (C:\Users\Administrator\IdeaProjects\temoServer\target\classes started by Administrator in C:\Users\Administrator\IdeaProjects\temoServer)
[2019-10-16 21:48:35] [INFO ] [com.creams.temo.TemoApplication:647] -- No active profile set, falling back to default profiles: default
[2019-10-16 21:48:35] [INFO ] [org.springframework.boot.devtools.env.DevToolsPropertyDefaultsPostProcessor:225] -- Devtools property defaults active! Set 'spring.devtools.add-properties' to 'false' to disable
[2019-10-16 21:48:35] [INFO ] [org.springframework.boot.devtools.env.DevToolsPropertyDefaultsPostProcessor:225] -- For additional web related logging consider setting the 'logging.level.web' property to 'DEBUG'
[2019-10-16 21:48:37] [INFO ] [org.springframework.context.support.PostProcessorRegistrationDelegate$BeanPostProcessorChecker:330] -- Bean 'org.springframework.transaction.annotation.ProxyTransactionManagementConfiguration' of type [org.springframework.transaction.annotation.ProxyTransactionManagementConfiguration$$EnhancerBySpringCGLIB$$76f03eb2] is not eligible for getting processed by all BeanPostProcessors (for example: not eligible for auto-proxying)
[2019-10-16 21:48:38] [INFO ] [org.springframework.boot.web.embedded.tomcat.TomcatWebServer:90] -- Tomcat initialized with port(s): 8096 (http)
[2019-10-16 21:48:38] [INFO ] [org.apache.coyote.http11.Http11NioProtocol:173] -- Initializing ProtocolHandler ["http-nio-8096"]
[2019-10-16 21:48:38] [INFO ] [org.apache.catalina.core.StandardService:173] -- Starting service [Tomcat]
[2019-10-16 21:48:38] [INFO ] [org.apache.catalina.core.StandardEngine:173] -- Starting Servlet engine: [Apache Tomcat/9.0.22]
[2019-10-16 21:48:38] [INFO ] [org.apache.catalina.core.ContainerBase.[Tomcat].[localhost].[/]:173] -- Initializing Spring embedded WebApplicationContext
[2019-10-16 21:48:38] [INFO ] [org.springframework.web.context.ContextLoader:284] -- Root WebApplicationContext: initialization completed in 2764 ms
[2019-10-16 21:48:39] [INFO ] [com.alibaba.druid.pool.DruidDataSource:106] -- {dataSource-1} inited
[2019-10-16 21:48:39] [INFO ] [springfox.documentation.spring.web.PropertySourcedRequestMappingHandlerMapping:69] -- Mapped URL path [/v2/api-docs] onto method [public org.springframework.http.ResponseEntity<springfox.documentation.spring.web.json.Json> springfox.documentation.swagger2.web.Swagger2Controller.getDocumentation(java.lang.String,javax.servlet.http.HttpServletRequest)]
[2019-10-16 21:48:40] [INFO ] [org.springframework.scheduling.concurrent.ThreadPoolTaskExecutor:171] -- Initializing ExecutorService 'applicationTaskExecutor'
[2019-10-16 21:48:40] [INFO ] [org.springframework.boot.devtools.autoconfigure.OptionalLiveReloadServer:57] -- LiveReload server is running on port 35729
[2019-10-16 21:48:40] [INFO ] [springfox.documentation.spring.web.plugins.DocumentationPluginsBootstrapper:160] -- Context refreshed
[2019-10-16 21:48:40] [INFO ] [springfox.documentation.spring.web.plugins.DocumentationPluginsBootstrapper:163] -- Found 1 custom documentation plugin(s)
[2019-10-16 21:48:40] [INFO ] [springfox.documentation.spring.web.scanners.ApiListingReferenceScanner:41] -- Scanning for api listing references
[2019-10-16 21:48:40] [INFO ] [org.apache.coyote.http11.Http11NioProtocol:173] -- Starting ProtocolHandler ["http-nio-8096"]
[2019-10-16 21:48:40] [INFO ] [org.springframework.boot.web.embedded.tomcat.TomcatWebServer:202] -- Tomcat started on port(s): 8096 (http) with context path ''
[2019-10-16 21:48:40] [INFO ] [com.creams.temo.TemoApplication:59] -- Started TemoApplication in 5.439 seconds (JVM running for 6.81)
[2019-10-16 21:48:51] [INFO ] [org.apache.catalina.core.ContainerBase.[Tomcat].[localhost].[/]:173] -- Initializing Spring DispatcherServlet 'dispatcherServlet'
[2019-10-16 21:48:51] [INFO ] [org.springframework.web.servlet.DispatcherServlet:524] -- Initializing Servlet 'dispatcherServlet'
[2019-10-16 21:48:51] [INFO ] [org.springframework.web.servlet.DispatcherServlet:546] -- Completed initialization in 13 ms
[2019-10-16 21:58:54] [INFO ] [com.creams.temo.TemoApplication:50] -- Starting TemoApplication on KOTIN-GA365 with PID 24188 (C:\Users\Administrator\IdeaProjects\temoServer\target\classes started by Administrator in C:\Users\Administrator\IdeaProjects\temoServer)
[2019-10-16 21:58:54] [INFO ] [com.creams.temo.TemoApplication:647] -- No active profile set, falling back to default profiles: default
[2019-10-16 21:58:54] [INFO ] [org.springframework.boot.devtools.env.DevToolsPropertyDefaultsPostProcessor:225] -- Devtools property defaults active! Set 'spring.devtools.add-properties' to 'false' to disable
[2019-10-16 21:58:54] [INFO ] [org.springframework.boot.devtools.env.DevToolsPropertyDefaultsPostProcessor:225] -- For additional web related logging consider setting the 'logging.level.web' property to 'DEBUG'
[2019-10-16 21:58:55] [INFO ] [org.springframework.context.support.PostProcessorRegistrationDelegate$BeanPostProcessorChecker:330] -- Bean 'org.springframework.transaction.annotation.ProxyTransactionManagementConfiguration' of type [org.springframework.transaction.annotation.ProxyTransactionManagementConfiguration$$EnhancerBySpringCGLIB$$29178fc0] is not eligible for getting processed by all BeanPostProcessors (for example: not eligible for auto-proxying)
[2019-10-16 21:58:56] [INFO ] [org.springframework.boot.web.embedded.tomcat.TomcatWebServer:90] -- Tomcat initialized with port(s): 8096 (http)
[2019-10-16 21:58:56] [INFO ] [org.apache.coyote.http11.Http11NioProtocol:173] -- Initializing ProtocolHandler ["http-nio-8096"]
[2019-10-16 21:58:56] [INFO ] [org.apache.catalina.core.StandardService:173] -- Starting service [Tomcat]
[2019-10-16 21:58:56] [INFO ] [org.apache.catalina.core.StandardEngine:173] -- Starting Servlet engine: [Apache Tomcat/9.0.22]
[2019-10-16 21:58:56] [INFO ] [org.apache.catalina.core.ContainerBase.[Tomcat].[localhost].[/]:173] -- Initializing Spring embedded WebApplicationContext
[2019-10-16 21:58:56] [INFO ] [org.springframework.web.context.ContextLoader:284] -- Root WebApplicationContext: initialization completed in 1963 ms
[2019-10-16 21:58:56] [INFO ] [com.alibaba.druid.pool.DruidDataSource:106] -- {dataSource-1} inited
[2019-10-16 21:58:57] [INFO ] [springfox.documentation.spring.web.PropertySourcedRequestMappingHandlerMapping:69] -- Mapped URL path [/v2/api-docs] onto method [public org.springframework.http.ResponseEntity<springfox.documentation.spring.web.json.Json> springfox.documentation.swagger2.web.Swagger2Controller.getDocumentation(java.lang.String,javax.servlet.http.HttpServletRequest)]
[2019-10-16 21:58:57] [INFO ] [org.springframework.scheduling.concurrent.ThreadPoolTaskExecutor:171] -- Initializing ExecutorService 'applicationTaskExecutor'
[2019-10-16 21:58:57] [INFO ] [org.springframework.boot.devtools.autoconfigure.OptionalLiveReloadServer:57] -- LiveReload server is running on port 35729
[2019-10-16 21:58:57] [INFO ] [springfox.documentation.spring.web.plugins.DocumentationPluginsBootstrapper:160] -- Context refreshed
[2019-10-16 21:58:57] [INFO ] [springfox.documentation.spring.web.plugins.DocumentationPluginsBootstrapper:163] -- Found 1 custom documentation plugin(s)
[2019-10-16 21:58:57] [INFO ] [springfox.documentation.spring.web.scanners.ApiListingReferenceScanner:41] -- Scanning for api listing references
[2019-10-16 21:58:57] [INFO ] [org.apache.coyote.http11.Http11NioProtocol:173] -- Starting ProtocolHandler ["http-nio-8096"]
[2019-10-16 21:58:57] [INFO ] [org.springframework.boot.web.embedded.tomcat.TomcatWebServer:202] -- Tomcat started on port(s): 8096 (http) with context path ''
[2019-10-16 21:58:57] [INFO ] [com.creams.temo.TemoApplication:59] -- Started TemoApplication in 4.336 seconds (JVM running for 4.985)
[2019-10-16 21:59:11] [INFO ] [org.apache.catalina.core.ContainerBase.[Tomcat].[localhost].[/]:173] -- Initializing Spring DispatcherServlet 'dispatcherServlet'
[2019-10-16 21:59:11] [INFO ] [org.springframework.web.servlet.DispatcherServlet:524] -- Initializing Servlet 'dispatcherServlet'
[2019-10-16 21:59:11] [INFO ] [org.springframework.web.servlet.DispatcherServlet:546] -- Completed initialization in 7 ms
[2019-10-16 22:00:06] [INFO ] [com.creams.temo.TemoApplication:50] -- Starting TemoApplication on KOTIN-GA365 with PID 10972 (C:\Users\Administrator\IdeaProjects\temoServer\target\classes started by Administrator in C:\Users\Administrator\IdeaProjects\temoServer)
[2019-10-16 22:00:06] [INFO ] [com.creams.temo.TemoApplication:647] -- No active profile set, falling back to default profiles: default
[2019-10-16 22:00:06] [INFO ] [org.springframework.boot.devtools.env.DevToolsPropertyDefaultsPostProcessor:225] -- Devtools property defaults active! Set 'spring.devtools.add-properties' to 'false' to disable
[2019-10-16 22:00:06] [INFO ] [org.springframework.boot.devtools.env.DevToolsPropertyDefaultsPostProcessor:225] -- For additional web related logging consider setting the 'logging.level.web' property to 'DEBUG'
[2019-10-16 22:00:07] [INFO ] [org.springframework.context.support.PostProcessorRegistrationDelegate$BeanPostProcessorChecker:330] -- Bean 'org.springframework.transaction.annotation.ProxyTransactionManagementConfiguration' of type [org.springframework.transaction.annotation.ProxyTransactionManagementConfiguration$$EnhancerBySpringCGLIB$$8f9872bf] is not eligible for getting processed by all BeanPostProcessors (for example: not eligible for auto-proxying)
[2019-10-16 22:00:08] [INFO ] [org.springframework.boot.web.embedded.tomcat.TomcatWebServer:90] -- Tomcat initialized with port(s): 8096 (http)
[2019-10-16 22:00:08] [INFO ] [org.apache.coyote.http11.Http11NioProtocol:173] -- Initializing ProtocolHandler ["http-nio-8096"]
[2019-10-16 22:00:08] [INFO ] [org.apache.catalina.core.StandardService:173] -- Starting service [Tomcat]
[2019-10-16 22:00:08] [INFO ] [org.apache.catalina.core.StandardEngine:173] -- Starting Servlet engine: [Apache Tomcat/9.0.22]
[2019-10-16 22:00:08] [INFO ] [org.apache.catalina.core.ContainerBase.[Tomcat].[localhost].[/]:173] -- Initializing Spring embedded WebApplicationContext
[2019-10-16 22:00:08] [INFO ] [org.springframework.web.context.ContextLoader:284] -- Root WebApplicationContext: initialization completed in 1993 ms
[2019-10-16 22:00:08] [INFO ] [com.alibaba.druid.pool.DruidDataSource:106] -- {dataSource-1} inited
[2019-10-16 22:00:09] [INFO ] [springfox.documentation.spring.web.PropertySourcedRequestMappingHandlerMapping:69] -- Mapped URL path [/v2/api-docs] onto method [public org.springframework.http.ResponseEntity<springfox.documentation.spring.web.json.Json> springfox.documentation.swagger2.web.Swagger2Controller.getDocumentation(java.lang.String,javax.servlet.http.HttpServletRequest)]
[2019-10-16 22:00:09] [INFO ] [org.springframework.scheduling.concurrent.ThreadPoolTaskExecutor:171] -- Initializing ExecutorService 'applicationTaskExecutor'
[2019-10-16 22:00:09] [INFO ] [org.springframework.boot.devtools.autoconfigure.OptionalLiveReloadServer:57] -- LiveReload server is running on port 35729
[2019-10-16 22:00:09] [INFO ] [springfox.documentation.spring.web.plugins.DocumentationPluginsBootstrapper:160] -- Context refreshed
[2019-10-16 22:00:09] [INFO ] [springfox.documentation.spring.web.plugins.DocumentationPluginsBootstrapper:163] -- Found 1 custom documentation plugin(s)
[2019-10-16 22:00:09] [INFO ] [springfox.documentation.spring.web.scanners.ApiListingReferenceScanner:41] -- Scanning for api listing references
[2019-10-16 22:00:09] [INFO ] [org.apache.coyote.http11.Http11NioProtocol:173] -- Starting ProtocolHandler ["http-nio-8096"]
[2019-10-16 22:00:09] [INFO ] [org.springframework.boot.web.embedded.tomcat.TomcatWebServer:202] -- Tomcat started on port(s): 8096 (http) with context path ''
[2019-10-16 22:00:09] [INFO ] [com.creams.temo.TemoApplication:59] -- Started TemoApplication in 4.565 seconds (JVM running for 5.398)
[2019-10-16 22:00:12] [INFO ] [org.apache.catalina.core.ContainerBase.[Tomcat].[localhost].[/]:173] -- Initializing Spring DispatcherServlet 'dispatcherServlet'
[2019-10-16 22:00:12] [INFO ] [org.springframework.web.servlet.DispatcherServlet:524] -- Initializing Servlet 'dispatcherServlet'
[2019-10-16 22:00:12] [INFO ] [org.springframework.web.servlet.DispatcherServlet:546] -- Completed initialization in 9 ms
