[2019-08-28 21:18:08] [INFO ] [com.creams.temo.TemoApplication:50] -- Starting TemoApplication on KevindeMBP.lan with PID 28951 (/Users/zhangyingkai/IdeaProjects/temo/target/classes started by zhangyingkai in /Users/zhangyingkai/IdeaProjects/temo)
[2019-08-28 21:18:08] [INFO ] [com.creams.temo.TemoApplication:647] -- No active profile set, falling back to default profiles: default
[2019-08-28 21:18:08] [INFO ] [org.springframework.boot.devtools.env.DevToolsPropertyDefaultsPostProcessor:225] -- Devtools property defaults active! Set 'spring.devtools.add-properties' to 'false' to disable
[2019-08-28 21:18:08] [INFO ] [org.springframework.boot.devtools.env.DevToolsPropertyDefaultsPostProcessor:225] -- For additional web related logging consider setting the 'logging.level.web' property to 'DEBUG'
[2019-08-28 21:18:09] [INFO ] [org.springframework.context.support.PostProcessorRegistrationDelegate$BeanPostProcessorChecker:330] -- Bean 'org.springframework.transaction.annotation.ProxyTransactionManagementConfiguration' of type [org.springframework.transaction.annotation.ProxyTransactionManagementConfiguration$$EnhancerBySpringCGLIB$$4e6b4280] is not eligible for getting processed by all BeanPostProcessors (for example: not eligible for auto-proxying)
[2019-08-28 21:18:10] [INFO ] [org.springframework.boot.web.embedded.tomcat.TomcatWebServer:90] -- Tomcat initialized with port(s): 8096 (http)
[2019-08-28 21:18:10] [INFO ] [org.apache.coyote.http11.Http11NioProtocol:173] -- Initializing ProtocolHandler ["http-nio-8096"]
[2019-08-28 21:18:10] [INFO ] [org.apache.catalina.core.StandardService:173] -- Starting service [Tomcat]
[2019-08-28 21:18:10] [INFO ] [org.apache.catalina.core.StandardEngine:173] -- Starting Servlet engine: [Apache Tomcat/9.0.22]
[2019-08-28 21:18:10] [INFO ] [org.apache.catalina.core.ContainerBase.[Tomcat].[localhost].[/]:173] -- Initializing Spring embedded WebApplicationContext
[2019-08-28 21:18:10] [INFO ] [org.springframework.web.context.ContextLoader:284] -- Root WebApplicationContext: initialization completed in 1708 ms
[2019-08-28 21:18:10] [INFO ] [com.alibaba.druid.pool.DruidDataSource:106] -- {dataSource-1} inited
[2019-08-28 21:18:11] [INFO ] [springfox.documentation.spring.web.PropertySourcedRequestMappingHandlerMapping:69] -- Mapped URL path [/v2/api-docs] onto method [public org.springframework.http.ResponseEntity<springfox.documentation.spring.web.json.Json> springfox.documentation.swagger2.web.Swagger2Controller.getDocumentation(java.lang.String,javax.servlet.http.HttpServletRequest)]
[2019-08-28 21:18:11] [INFO ] [org.springframework.scheduling.concurrent.ThreadPoolTaskExecutor:171] -- Initializing ExecutorService 'applicationTaskExecutor'
[2019-08-28 21:18:11] [INFO ] [org.springframework.boot.devtools.autoconfigure.OptionalLiveReloadServer:57] -- LiveReload server is running on port 35729
[2019-08-28 21:18:11] [INFO ] [springfox.documentation.spring.web.plugins.DocumentationPluginsBootstrapper:160] -- Context refreshed
[2019-08-28 21:18:11] [INFO ] [springfox.documentation.spring.web.plugins.DocumentationPluginsBootstrapper:163] -- Found 1 custom documentation plugin(s)
[2019-08-28 21:18:11] [INFO ] [springfox.documentation.spring.web.scanners.ApiListingReferenceScanner:41] -- Scanning for api listing references
[2019-08-28 21:18:12] [INFO ] [org.apache.coyote.http11.Http11NioProtocol:173] -- Starting ProtocolHandler ["http-nio-8096"]
[2019-08-28 21:18:12] [INFO ] [org.springframework.boot.web.embedded.tomcat.TomcatWebServer:202] -- Tomcat started on port(s): 8096 (http) with context path ''
[2019-08-28 21:18:12] [INFO ] [com.creams.temo.TemoApplication:59] -- Started TemoApplication in 4.026 seconds (JVM running for 4.855)
[2019-08-28 21:21:10] [INFO ] [org.apache.catalina.core.ContainerBase.[Tomcat].[localhost].[/]:173] -- Initializing Spring DispatcherServlet 'dispatcherServlet'
[2019-08-28 21:21:10] [INFO ] [org.springframework.web.servlet.DispatcherServlet:524] -- Initializing Servlet 'dispatcherServlet'
[2019-08-28 21:21:10] [INFO ] [org.springframework.web.servlet.DispatcherServlet:546] -- Completed initialization in 13 ms
[2019-08-28 21:21:51] [INFO ] [fileInfoLog:42] -- 查询出数据：
[ProjectResponse(pname=我我哈哈哈, pid=145f3340-215f-443f-8ab1-bf6251aaa300, envs=[]), ProjectResponse(pname=测试项目, pid=ac8bdc63-93bf-4778-8ef4-ebaacf17f612, envs=[EnvResponse(envId=9d83cc14-18d1-4523-b58c-a17f8996e56c, envName=测试环境, host=127.0.0.1, port=8080)]), ProjectResponse(pname=我我哈哈哈饿呢吧, pid=f020c03a-e74c-404c-93da-20257bccf260, envs=[]), ProjectResponse(pname=我我哈哈哈饿呢吧, pid=9602a379-7a82-4c99-8c01-d7bd0411bb0d, envs=[]), ProjectResponse(pname=我我哈哈哈饿呢吧, pid=a4b2001c-7068-477c-8f13-3af49ae7dde6, envs=[]), ProjectResponse(pname=测试一下啊, pid=4ae05a60-0da0-461c-b526-5e1eb9c9dcc3, envs=[]), ProjectResponse(pname=测试一下嗯嗯嗯啊, pid=8d96415c-e8f0-464c-b9f0-65ed7964698f, envs=[EnvResponse(envId=73c899fe-50f0-4a24-a3e6-8f1ca8c90a72, envName=环境1, host=www.baidu.com, port=80)]), ProjectResponse(pname=测试一下嗯嗯嗯啊, pid=a4cd6575-2464-4bb8-b239-2eac95bd8c6b, envs=[EnvResponse(envId=1a899b46-4a56-4540-95d5-da87c19dd372, envName=环境1, host=www.baidu.com, port=80)])]
[2019-08-28 21:22:54] [INFO ] [org.springframework.scheduling.concurrent.ThreadPoolTaskExecutor:208] -- Shutting down ExecutorService 'applicationTaskExecutor'
[2019-08-28 21:22:54] [INFO ] [com.alibaba.druid.pool.DruidDataSource:106] -- {dataSource-1} closed
[2019-08-28 21:23:00] [INFO ] [com.creams.temo.TemoApplication:50] -- Starting TemoApplication on KevindeMBP.lan with PID 28959 (/Users/zhangyingkai/IdeaProjects/temo/target/classes started by zhangyingkai in /Users/zhangyingkai/IdeaProjects/temo)
[2019-08-28 21:23:00] [INFO ] [com.creams.temo.TemoApplication:647] -- No active profile set, falling back to default profiles: default
[2019-08-28 21:23:00] [INFO ] [org.springframework.boot.devtools.env.DevToolsPropertyDefaultsPostProcessor:225] -- Devtools property defaults active! Set 'spring.devtools.add-properties' to 'false' to disable
[2019-08-28 21:23:00] [INFO ] [org.springframework.boot.devtools.env.DevToolsPropertyDefaultsPostProcessor:225] -- For additional web related logging consider setting the 'logging.level.web' property to 'DEBUG'
[2019-08-28 21:23:01] [INFO ] [org.springframework.context.support.PostProcessorRegistrationDelegate$BeanPostProcessorChecker:330] -- Bean 'org.springframework.transaction.annotation.ProxyTransactionManagementConfiguration' of type [org.springframework.transaction.annotation.ProxyTransactionManagementConfiguration$$EnhancerBySpringCGLIB$$f7f6455e] is not eligible for getting processed by all BeanPostProcessors (for example: not eligible for auto-proxying)
[2019-08-28 21:23:01] [INFO ] [org.springframework.boot.web.embedded.tomcat.TomcatWebServer:90] -- Tomcat initialized with port(s): 8096 (http)
[2019-08-28 21:23:01] [INFO ] [org.apache.coyote.http11.Http11NioProtocol:173] -- Initializing ProtocolHandler ["http-nio-8096"]
[2019-08-28 21:23:01] [INFO ] [org.apache.catalina.core.StandardService:173] -- Starting service [Tomcat]
[2019-08-28 21:23:01] [INFO ] [org.apache.catalina.core.StandardEngine:173] -- Starting Servlet engine: [Apache Tomcat/9.0.22]
[2019-08-28 21:23:01] [INFO ] [org.apache.catalina.core.ContainerBase.[Tomcat].[localhost].[/]:173] -- Initializing Spring embedded WebApplicationContext
[2019-08-28 21:23:01] [INFO ] [org.springframework.web.context.ContextLoader:284] -- Root WebApplicationContext: initialization completed in 1595 ms
[2019-08-28 21:23:02] [INFO ] [com.alibaba.druid.pool.DruidDataSource:106] -- {dataSource-1} inited
[2019-08-28 21:23:02] [INFO ] [springfox.documentation.spring.web.PropertySourcedRequestMappingHandlerMapping:69] -- Mapped URL path [/v2/api-docs] onto method [public org.springframework.http.ResponseEntity<springfox.documentation.spring.web.json.Json> springfox.documentation.swagger2.web.Swagger2Controller.getDocumentation(java.lang.String,javax.servlet.http.HttpServletRequest)]
[2019-08-28 21:23:03] [INFO ] [org.springframework.scheduling.concurrent.ThreadPoolTaskExecutor:171] -- Initializing ExecutorService 'applicationTaskExecutor'
[2019-08-28 21:23:03] [INFO ] [org.springframework.boot.devtools.autoconfigure.OptionalLiveReloadServer:57] -- LiveReload server is running on port 35729
[2019-08-28 21:23:03] [INFO ] [springfox.documentation.spring.web.plugins.DocumentationPluginsBootstrapper:160] -- Context refreshed
[2019-08-28 21:23:03] [INFO ] [springfox.documentation.spring.web.plugins.DocumentationPluginsBootstrapper:163] -- Found 1 custom documentation plugin(s)
[2019-08-28 21:23:03] [INFO ] [springfox.documentation.spring.web.scanners.ApiListingReferenceScanner:41] -- Scanning for api listing references
[2019-08-28 21:23:03] [INFO ] [org.apache.coyote.http11.Http11NioProtocol:173] -- Starting ProtocolHandler ["http-nio-8096"]
[2019-08-28 21:23:03] [INFO ] [org.springframework.boot.web.embedded.tomcat.TomcatWebServer:202] -- Tomcat started on port(s): 8096 (http) with context path ''
[2019-08-28 21:23:03] [INFO ] [com.creams.temo.TemoApplication:59] -- Started TemoApplication in 4.231 seconds (JVM running for 5.299)
[2019-08-28 21:23:12] [INFO ] [org.apache.catalina.core.ContainerBase.[Tomcat].[localhost].[/]:173] -- Initializing Spring DispatcherServlet 'dispatcherServlet'
[2019-08-28 21:23:12] [INFO ] [org.springframework.web.servlet.DispatcherServlet:524] -- Initializing Servlet 'dispatcherServlet'
[2019-08-28 21:23:12] [INFO ] [org.springframework.web.servlet.DispatcherServlet:546] -- Completed initialization in 10 ms
[2019-08-28 21:24:28] [INFO ] [fileInfoLog:42] -- 查询出数据：
[ProjectResponse(pname=我我哈哈哈, pid=145f3340-215f-443f-8ab1-bf6251aaa300, envs=[]), ProjectResponse(pname=测试项目, pid=ac8bdc63-93bf-4778-8ef4-ebaacf17f612, envs=[EnvResponse(envId=9d83cc14-18d1-4523-b58c-a17f8996e56c, envName=测试环境, host=127.0.0.1, port=8080)]), ProjectResponse(pname=我我哈哈哈饿呢吧, pid=f020c03a-e74c-404c-93da-20257bccf260, envs=[]), ProjectResponse(pname=我我哈哈哈饿呢吧, pid=9602a379-7a82-4c99-8c01-d7bd0411bb0d, envs=[]), ProjectResponse(pname=我我哈哈哈饿呢吧, pid=a4b2001c-7068-477c-8f13-3af49ae7dde6, envs=[]), ProjectResponse(pname=测试一下啊, pid=4ae05a60-0da0-461c-b526-5e1eb9c9dcc3, envs=[]), ProjectResponse(pname=测试一下嗯嗯嗯啊, pid=8d96415c-e8f0-464c-b9f0-65ed7964698f, envs=[EnvResponse(envId=73c899fe-50f0-4a24-a3e6-8f1ca8c90a72, envName=环境1, host=www.baidu.com, port=80)]), ProjectResponse(pname=测试一下嗯嗯嗯啊, pid=a4cd6575-2464-4bb8-b239-2eac95bd8c6b, envs=[EnvResponse(envId=1a899b46-4a56-4540-95d5-da87c19dd372, envName=环境1, host=www.baidu.com, port=80)])]
[2019-08-28 21:25:10] [INFO ] [fileInfoLog:42] -- 查询出数据：
[ProjectResponse(pname=我我哈哈哈, pid=145f3340-215f-443f-8ab1-bf6251aaa300, envs=[]), ProjectResponse(pname=我我哈哈哈饿呢吧, pid=f020c03a-e74c-404c-93da-20257bccf260, envs=[]), ProjectResponse(pname=我我哈哈哈饿呢吧, pid=9602a379-7a82-4c99-8c01-d7bd0411bb0d, envs=[]), ProjectResponse(pname=我我哈哈哈饿呢吧, pid=a4b2001c-7068-477c-8f13-3af49ae7dde6, envs=[])]
