[2019-11-26 21:29:00] [INFO ] [com.creams.temo.TemoApplication:50] -- Starting TemoApplication on KOTIN-GA365 with PID 16184 (C:\Users\Administrator\IdeaProjects\temoServer\target\classes started by Administrator in C:\Users\Administrator\IdeaProjects\temoServer)
[2019-11-26 21:29:00] [INFO ] [com.creams.temo.TemoApplication:647] -- No active profile set, falling back to default profiles: default
[2019-11-26 21:29:00] [INFO ] [org.springframework.boot.devtools.env.DevToolsPropertyDefaultsPostProcessor:225] -- Devtools property defaults active! Set 'spring.devtools.add-properties' to 'false' to disable
[2019-11-26 21:29:00] [INFO ] [org.springframework.boot.devtools.env.DevToolsPropertyDefaultsPostProcessor:225] -- For additional web related logging consider setting the 'logging.level.web' property to 'DEBUG'
[2019-11-26 21:29:01] [INFO ] [org.springframework.data.repository.config.RepositoryConfigurationDelegate:244] -- Multiple Spring Data modules found, entering strict repository configuration mode!
[2019-11-26 21:29:01] [INFO ] [org.springframework.data.repository.config.RepositoryConfigurationDelegate:126] -- Bootstrapping Spring Data repositories in DEFAULT mode.
[2019-11-26 21:29:01] [INFO ] [org.springframework.data.repository.config.RepositoryConfigurationDelegate:182] -- Finished Spring Data repository scanning in 26ms. Found 0 repository interfaces.
[2019-11-26 21:29:01] [INFO ] [org.springframework.context.support.PostProcessorRegistrationDelegate$BeanPostProcessorChecker:330] -- Bean 'org.springframework.transaction.annotation.ProxyTransactionManagementConfiguration' of type [org.springframework.transaction.annotation.ProxyTransactionManagementConfiguration$$EnhancerBySpringCGLIB$$616875f4] is not eligible for getting processed by all BeanPostProcessors (for example: not eligible for auto-proxying)
[2019-11-26 21:29:01] [INFO ] [org.springframework.boot.web.embedded.tomcat.TomcatWebServer:90] -- Tomcat initialized with port(s): 8096 (http)
[2019-11-26 21:29:01] [INFO ] [org.apache.coyote.http11.Http11NioProtocol:173] -- Initializing ProtocolHandler ["http-nio-8096"]
[2019-11-26 21:29:01] [INFO ] [org.apache.catalina.core.StandardService:173] -- Starting service [Tomcat]
[2019-11-26 21:29:01] [INFO ] [org.apache.catalina.core.StandardEngine:173] -- Starting Servlet engine: [Apache Tomcat/9.0.22]
[2019-11-26 21:29:01] [INFO ] [org.apache.catalina.core.ContainerBase.[Tomcat].[localhost].[/]:173] -- Initializing Spring embedded WebApplicationContext
[2019-11-26 21:29:01] [INFO ] [org.springframework.web.context.ContextLoader:284] -- Root WebApplicationContext: initialization completed in 1666 ms
[2019-11-26 21:29:04] [INFO ] [springfox.documentation.spring.web.PropertySourcedRequestMappingHandlerMapping:69] -- Mapped URL path [/v2/api-docs] onto method [public org.springframework.http.ResponseEntity<springfox.documentation.spring.web.json.Json> springfox.documentation.swagger2.web.Swagger2Controller.getDocumentation(java.lang.String,javax.servlet.http.HttpServletRequest)]
[2019-11-26 21:29:04] [INFO ] [org.springframework.scheduling.concurrent.ThreadPoolTaskExecutor:171] -- Initializing ExecutorService 'applicationTaskExecutor'
[2019-11-26 21:29:04] [INFO ] [org.springframework.boot.devtools.autoconfigure.OptionalLiveReloadServer:57] -- LiveReload server is running on port 35729
[2019-11-26 21:29:05] [INFO ] [springfox.documentation.spring.web.plugins.DocumentationPluginsBootstrapper:160] -- Context refreshed
[2019-11-26 21:29:05] [INFO ] [springfox.documentation.spring.web.plugins.DocumentationPluginsBootstrapper:163] -- Found 1 custom documentation plugin(s)
[2019-11-26 21:29:05] [INFO ] [springfox.documentation.spring.web.scanners.ApiListingReferenceScanner:41] -- Scanning for api listing references
[2019-11-26 21:29:05] [INFO ] [org.apache.coyote.http11.Http11NioProtocol:173] -- Starting ProtocolHandler ["http-nio-8096"]
[2019-11-26 21:29:05] [INFO ] [org.springframework.boot.web.embedded.tomcat.TomcatWebServer:202] -- Tomcat started on port(s): 8096 (http) with context path ''
[2019-11-26 21:29:05] [INFO ] [com.creams.temo.TemoApplication:59] -- Started TemoApplication in 5.933 seconds (JVM running for 6.712)
[2019-11-26 21:29:25] [INFO ] [org.apache.catalina.core.ContainerBase.[Tomcat].[localhost].[/]:173] -- Initializing Spring DispatcherServlet 'dispatcherServlet'
[2019-11-26 21:29:25] [INFO ] [org.springframework.web.servlet.DispatcherServlet:524] -- Initializing Servlet 'dispatcherServlet'
[2019-11-26 21:29:25] [INFO ] [org.springframework.web.servlet.DispatcherServlet:546] -- Completed initialization in 8 ms
[2019-11-26 21:35:23] [INFO ] [com.creams.temo.TemoApplication:50] -- Starting TemoApplication on KOTIN-GA365 with PID 13724 (C:\Users\Administrator\IdeaProjects\temoServer\target\classes started by Administrator in C:\Users\Administrator\IdeaProjects\temoServer)
[2019-11-26 21:35:23] [INFO ] [com.creams.temo.TemoApplication:647] -- No active profile set, falling back to default profiles: default
[2019-11-26 21:35:23] [INFO ] [org.springframework.boot.devtools.env.DevToolsPropertyDefaultsPostProcessor:225] -- Devtools property defaults active! Set 'spring.devtools.add-properties' to 'false' to disable
[2019-11-26 21:35:23] [INFO ] [org.springframework.boot.devtools.env.DevToolsPropertyDefaultsPostProcessor:225] -- For additional web related logging consider setting the 'logging.level.web' property to 'DEBUG'
[2019-11-26 21:35:24] [INFO ] [org.springframework.data.repository.config.RepositoryConfigurationDelegate:244] -- Multiple Spring Data modules found, entering strict repository configuration mode!
[2019-11-26 21:35:24] [INFO ] [org.springframework.data.repository.config.RepositoryConfigurationDelegate:126] -- Bootstrapping Spring Data repositories in DEFAULT mode.
[2019-11-26 21:35:24] [INFO ] [org.springframework.data.repository.config.RepositoryConfigurationDelegate:182] -- Finished Spring Data repository scanning in 25ms. Found 0 repository interfaces.
[2019-11-26 21:35:24] [INFO ] [org.springframework.context.support.PostProcessorRegistrationDelegate$BeanPostProcessorChecker:330] -- Bean 'org.springframework.transaction.annotation.ProxyTransactionManagementConfiguration' of type [org.springframework.transaction.annotation.ProxyTransactionManagementConfiguration$$EnhancerBySpringCGLIB$$81215a09] is not eligible for getting processed by all BeanPostProcessors (for example: not eligible for auto-proxying)
[2019-11-26 21:35:24] [INFO ] [org.springframework.boot.web.embedded.tomcat.TomcatWebServer:90] -- Tomcat initialized with port(s): 8096 (http)
[2019-11-26 21:35:24] [INFO ] [org.apache.coyote.http11.Http11NioProtocol:173] -- Initializing ProtocolHandler ["http-nio-8096"]
[2019-11-26 21:35:24] [INFO ] [org.apache.catalina.core.StandardService:173] -- Starting service [Tomcat]
[2019-11-26 21:35:24] [INFO ] [org.apache.catalina.core.StandardEngine:173] -- Starting Servlet engine: [Apache Tomcat/9.0.22]
[2019-11-26 21:35:24] [INFO ] [org.apache.catalina.core.ContainerBase.[Tomcat].[localhost].[/]:173] -- Initializing Spring embedded WebApplicationContext
[2019-11-26 21:35:24] [INFO ] [org.springframework.web.context.ContextLoader:284] -- Root WebApplicationContext: initialization completed in 1492 ms
[2019-11-26 21:35:27] [INFO ] [springfox.documentation.spring.web.PropertySourcedRequestMappingHandlerMapping:69] -- Mapped URL path [/v2/api-docs] onto method [public org.springframework.http.ResponseEntity<springfox.documentation.spring.web.json.Json> springfox.documentation.swagger2.web.Swagger2Controller.getDocumentation(java.lang.String,javax.servlet.http.HttpServletRequest)]
[2019-11-26 21:35:27] [INFO ] [org.springframework.scheduling.concurrent.ThreadPoolTaskExecutor:171] -- Initializing ExecutorService 'applicationTaskExecutor'
[2019-11-26 21:35:27] [INFO ] [org.springframework.boot.devtools.autoconfigure.OptionalLiveReloadServer:57] -- LiveReload server is running on port 35729
[2019-11-26 21:35:28] [INFO ] [springfox.documentation.spring.web.plugins.DocumentationPluginsBootstrapper:160] -- Context refreshed
[2019-11-26 21:35:28] [INFO ] [springfox.documentation.spring.web.plugins.DocumentationPluginsBootstrapper:163] -- Found 1 custom documentation plugin(s)
[2019-11-26 21:35:28] [INFO ] [springfox.documentation.spring.web.scanners.ApiListingReferenceScanner:41] -- Scanning for api listing references
[2019-11-26 21:35:28] [INFO ] [org.apache.coyote.http11.Http11NioProtocol:173] -- Starting ProtocolHandler ["http-nio-8096"]
[2019-11-26 21:35:28] [INFO ] [org.springframework.boot.web.embedded.tomcat.TomcatWebServer:202] -- Tomcat started on port(s): 8096 (http) with context path ''
[2019-11-26 21:35:28] [INFO ] [com.creams.temo.TemoApplication:59] -- Started TemoApplication in 5.443 seconds (JVM running for 6.136)
[2019-11-26 21:35:46] [INFO ] [org.apache.catalina.core.ContainerBase.[Tomcat].[localhost].[/]:173] -- Initializing Spring DispatcherServlet 'dispatcherServlet'
[2019-11-26 21:35:46] [INFO ] [org.springframework.web.servlet.DispatcherServlet:524] -- Initializing Servlet 'dispatcherServlet'
[2019-11-26 21:35:46] [INFO ] [org.springframework.web.servlet.DispatcherServlet:546] -- Completed initialization in 9 ms
[2019-11-26 21:36:54] [INFO ] [com.creams.temo.TemoApplication:50] -- Starting TemoApplication on KOTIN-GA365 with PID 16792 (C:\Users\Administrator\IdeaProjects\temoServer\target\classes started by Administrator in C:\Users\Administrator\IdeaProjects\temoServer)
[2019-11-26 21:36:54] [INFO ] [com.creams.temo.TemoApplication:647] -- No active profile set, falling back to default profiles: default
[2019-11-26 21:36:54] [INFO ] [org.springframework.boot.devtools.env.DevToolsPropertyDefaultsPostProcessor:225] -- Devtools property defaults active! Set 'spring.devtools.add-properties' to 'false' to disable
[2019-11-26 21:36:54] [INFO ] [org.springframework.boot.devtools.env.DevToolsPropertyDefaultsPostProcessor:225] -- For additional web related logging consider setting the 'logging.level.web' property to 'DEBUG'
[2019-11-26 21:36:55] [INFO ] [org.springframework.data.repository.config.RepositoryConfigurationDelegate:244] -- Multiple Spring Data modules found, entering strict repository configuration mode!
[2019-11-26 21:36:55] [INFO ] [org.springframework.data.repository.config.RepositoryConfigurationDelegate:126] -- Bootstrapping Spring Data repositories in DEFAULT mode.
[2019-11-26 21:36:55] [INFO ] [org.springframework.data.repository.config.RepositoryConfigurationDelegate:182] -- Finished Spring Data repository scanning in 29ms. Found 0 repository interfaces.
[2019-11-26 21:36:55] [INFO ] [org.springframework.context.support.PostProcessorRegistrationDelegate$BeanPostProcessorChecker:330] -- Bean 'org.springframework.transaction.annotation.ProxyTransactionManagementConfiguration' of type [org.springframework.transaction.annotation.ProxyTransactionManagementConfiguration$$EnhancerBySpringCGLIB$$19b6d24a] is not eligible for getting processed by all BeanPostProcessors (for example: not eligible for auto-proxying)
[2019-11-26 21:36:56] [INFO ] [org.springframework.boot.web.embedded.tomcat.TomcatWebServer:90] -- Tomcat initialized with port(s): 8096 (http)
[2019-11-26 21:36:56] [INFO ] [org.apache.coyote.http11.Http11NioProtocol:173] -- Initializing ProtocolHandler ["http-nio-8096"]
[2019-11-26 21:36:56] [INFO ] [org.apache.catalina.core.StandardService:173] -- Starting service [Tomcat]
[2019-11-26 21:36:56] [INFO ] [org.apache.catalina.core.StandardEngine:173] -- Starting Servlet engine: [Apache Tomcat/9.0.22]
[2019-11-26 21:36:56] [INFO ] [org.apache.catalina.core.ContainerBase.[Tomcat].[localhost].[/]:173] -- Initializing Spring embedded WebApplicationContext
[2019-11-26 21:36:56] [INFO ] [org.springframework.web.context.ContextLoader:284] -- Root WebApplicationContext: initialization completed in 1561 ms
[2019-11-26 21:36:58] [INFO ] [springfox.documentation.spring.web.PropertySourcedRequestMappingHandlerMapping:69] -- Mapped URL path [/v2/api-docs] onto method [public org.springframework.http.ResponseEntity<springfox.documentation.spring.web.json.Json> springfox.documentation.swagger2.web.Swagger2Controller.getDocumentation(java.lang.String,javax.servlet.http.HttpServletRequest)]
[2019-11-26 21:36:58] [INFO ] [org.springframework.scheduling.concurrent.ThreadPoolTaskExecutor:171] -- Initializing ExecutorService 'applicationTaskExecutor'
[2019-11-26 21:36:59] [INFO ] [org.springframework.boot.devtools.autoconfigure.OptionalLiveReloadServer:57] -- LiveReload server is running on port 35729
[2019-11-26 21:36:59] [INFO ] [springfox.documentation.spring.web.plugins.DocumentationPluginsBootstrapper:160] -- Context refreshed
[2019-11-26 21:36:59] [INFO ] [springfox.documentation.spring.web.plugins.DocumentationPluginsBootstrapper:163] -- Found 1 custom documentation plugin(s)
[2019-11-26 21:36:59] [INFO ] [springfox.documentation.spring.web.scanners.ApiListingReferenceScanner:41] -- Scanning for api listing references
[2019-11-26 21:36:59] [INFO ] [org.apache.coyote.http11.Http11NioProtocol:173] -- Starting ProtocolHandler ["http-nio-8096"]
[2019-11-26 21:36:59] [INFO ] [org.springframework.boot.web.embedded.tomcat.TomcatWebServer:202] -- Tomcat started on port(s): 8096 (http) with context path ''
[2019-11-26 21:36:59] [INFO ] [com.creams.temo.TemoApplication:59] -- Started TemoApplication in 5.445 seconds (JVM running for 6.172)
[2019-11-26 21:37:08] [INFO ] [org.apache.catalina.core.ContainerBase.[Tomcat].[localhost].[/]:173] -- Initializing Spring DispatcherServlet 'dispatcherServlet'
[2019-11-26 21:37:08] [INFO ] [org.springframework.web.servlet.DispatcherServlet:524] -- Initializing Servlet 'dispatcherServlet'
[2019-11-26 21:37:08] [INFO ] [org.springframework.web.servlet.DispatcherServlet:546] -- Completed initialization in 10 ms
[2019-11-26 21:57:44] [INFO ] [com.creams.temo.TemoApplication:50] -- Starting TemoApplication on KOTIN-GA365 with PID 15416 (C:\Users\Administrator\IdeaProjects\temoServer\target\classes started by Administrator in C:\Users\Administrator\IdeaProjects\temoServer)
[2019-11-26 21:57:44] [INFO ] [com.creams.temo.TemoApplication:647] -- No active profile set, falling back to default profiles: default
[2019-11-26 21:57:44] [INFO ] [org.springframework.boot.devtools.env.DevToolsPropertyDefaultsPostProcessor:225] -- Devtools property defaults active! Set 'spring.devtools.add-properties' to 'false' to disable
[2019-11-26 21:57:44] [INFO ] [org.springframework.boot.devtools.env.DevToolsPropertyDefaultsPostProcessor:225] -- For additional web related logging consider setting the 'logging.level.web' property to 'DEBUG'
[2019-11-26 21:57:45] [INFO ] [org.springframework.data.repository.config.RepositoryConfigurationDelegate:244] -- Multiple Spring Data modules found, entering strict repository configuration mode!
[2019-11-26 21:57:45] [INFO ] [org.springframework.data.repository.config.RepositoryConfigurationDelegate:126] -- Bootstrapping Spring Data repositories in DEFAULT mode.
[2019-11-26 21:57:45] [INFO ] [org.springframework.data.repository.config.RepositoryConfigurationDelegate:182] -- Finished Spring Data repository scanning in 24ms. Found 0 repository interfaces.
[2019-11-26 21:57:45] [INFO ] [org.springframework.context.support.PostProcessorRegistrationDelegate$BeanPostProcessorChecker:330] -- Bean 'org.springframework.transaction.annotation.ProxyTransactionManagementConfiguration' of type [org.springframework.transaction.annotation.ProxyTransactionManagementConfiguration$$EnhancerBySpringCGLIB$$cafca9dc] is not eligible for getting processed by all BeanPostProcessors (for example: not eligible for auto-proxying)
[2019-11-26 21:57:46] [INFO ] [org.springframework.boot.web.embedded.tomcat.TomcatWebServer:90] -- Tomcat initialized with port(s): 8096 (http)
[2019-11-26 21:57:46] [INFO ] [org.apache.coyote.http11.Http11NioProtocol:173] -- Initializing ProtocolHandler ["http-nio-8096"]
[2019-11-26 21:57:46] [INFO ] [org.apache.catalina.core.StandardService:173] -- Starting service [Tomcat]
[2019-11-26 21:57:46] [INFO ] [org.apache.catalina.core.StandardEngine:173] -- Starting Servlet engine: [Apache Tomcat/9.0.22]
[2019-11-26 21:57:46] [INFO ] [org.apache.catalina.core.ContainerBase.[Tomcat].[localhost].[/]:173] -- Initializing Spring embedded WebApplicationContext
[2019-11-26 21:57:46] [INFO ] [org.springframework.web.context.ContextLoader:284] -- Root WebApplicationContext: initialization completed in 1521 ms
[2019-11-26 21:57:48] [INFO ] [springfox.documentation.spring.web.PropertySourcedRequestMappingHandlerMapping:69] -- Mapped URL path [/v2/api-docs] onto method [public org.springframework.http.ResponseEntity<springfox.documentation.spring.web.json.Json> springfox.documentation.swagger2.web.Swagger2Controller.getDocumentation(java.lang.String,javax.servlet.http.HttpServletRequest)]
[2019-11-26 21:57:49] [INFO ] [org.springframework.scheduling.concurrent.ThreadPoolTaskExecutor:171] -- Initializing ExecutorService 'applicationTaskExecutor'
[2019-11-26 21:57:49] [INFO ] [org.springframework.boot.devtools.autoconfigure.OptionalLiveReloadServer:57] -- LiveReload server is running on port 35729
[2019-11-26 21:57:49] [INFO ] [springfox.documentation.spring.web.plugins.DocumentationPluginsBootstrapper:160] -- Context refreshed
[2019-11-26 21:57:49] [INFO ] [springfox.documentation.spring.web.plugins.DocumentationPluginsBootstrapper:163] -- Found 1 custom documentation plugin(s)
[2019-11-26 21:57:49] [INFO ] [springfox.documentation.spring.web.scanners.ApiListingReferenceScanner:41] -- Scanning for api listing references
[2019-11-26 21:57:49] [INFO ] [org.apache.coyote.http11.Http11NioProtocol:173] -- Starting ProtocolHandler ["http-nio-8096"]
[2019-11-26 21:57:49] [INFO ] [org.springframework.boot.web.embedded.tomcat.TomcatWebServer:202] -- Tomcat started on port(s): 8096 (http) with context path ''
[2019-11-26 21:57:49] [INFO ] [com.creams.temo.TemoApplication:59] -- Started TemoApplication in 5.447 seconds (JVM running for 6.079)
[2019-11-26 21:58:19] [INFO ] [org.apache.catalina.core.ContainerBase.[Tomcat].[localhost].[/]:173] -- Initializing Spring DispatcherServlet 'dispatcherServlet'
[2019-11-26 21:58:19] [INFO ] [org.springframework.web.servlet.DispatcherServlet:524] -- Initializing Servlet 'dispatcherServlet'
[2019-11-26 21:58:19] [INFO ] [org.springframework.web.servlet.DispatcherServlet:546] -- Completed initialization in 9 ms
[2019-11-26 22:00:00] [INFO ] [com.creams.temo.TemoApplication:50] -- Starting TemoApplication on KOTIN-GA365 with PID 17264 (C:\Users\Administrator\IdeaProjects\temoServer\target\classes started by Administrator in C:\Users\Administrator\IdeaProjects\temoServer)
[2019-11-26 22:00:00] [INFO ] [com.creams.temo.TemoApplication:647] -- No active profile set, falling back to default profiles: default
[2019-11-26 22:00:00] [INFO ] [org.springframework.boot.devtools.env.DevToolsPropertyDefaultsPostProcessor:225] -- Devtools property defaults active! Set 'spring.devtools.add-properties' to 'false' to disable
[2019-11-26 22:00:00] [INFO ] [org.springframework.boot.devtools.env.DevToolsPropertyDefaultsPostProcessor:225] -- For additional web related logging consider setting the 'logging.level.web' property to 'DEBUG'
[2019-11-26 22:00:01] [INFO ] [org.springframework.data.repository.config.RepositoryConfigurationDelegate:244] -- Multiple Spring Data modules found, entering strict repository configuration mode!
[2019-11-26 22:00:01] [INFO ] [org.springframework.data.repository.config.RepositoryConfigurationDelegate:126] -- Bootstrapping Spring Data repositories in DEFAULT mode.
[2019-11-26 22:00:01] [INFO ] [org.springframework.data.repository.config.RepositoryConfigurationDelegate:182] -- Finished Spring Data repository scanning in 24ms. Found 0 repository interfaces.
[2019-11-26 22:00:01] [INFO ] [org.springframework.context.support.PostProcessorRegistrationDelegate$BeanPostProcessorChecker:330] -- Bean 'org.springframework.transaction.annotation.ProxyTransactionManagementConfiguration' of type [org.springframework.transaction.annotation.ProxyTransactionManagementConfiguration$$EnhancerBySpringCGLIB$$2334264a] is not eligible for getting processed by all BeanPostProcessors (for example: not eligible for auto-proxying)
[2019-11-26 22:00:02] [INFO ] [org.springframework.boot.web.embedded.tomcat.TomcatWebServer:90] -- Tomcat initialized with port(s): 8096 (http)
[2019-11-26 22:00:02] [INFO ] [org.apache.coyote.http11.Http11NioProtocol:173] -- Initializing ProtocolHandler ["http-nio-8096"]
[2019-11-26 22:00:02] [INFO ] [org.apache.catalina.core.StandardService:173] -- Starting service [Tomcat]
[2019-11-26 22:00:02] [INFO ] [org.apache.catalina.core.StandardEngine:173] -- Starting Servlet engine: [Apache Tomcat/9.0.22]
[2019-11-26 22:00:02] [INFO ] [org.apache.catalina.core.ContainerBase.[Tomcat].[localhost].[/]:173] -- Initializing Spring embedded WebApplicationContext
[2019-11-26 22:00:02] [INFO ] [org.springframework.web.context.ContextLoader:284] -- Root WebApplicationContext: initialization completed in 1520 ms
[2019-11-26 22:00:04] [INFO ] [springfox.documentation.spring.web.PropertySourcedRequestMappingHandlerMapping:69] -- Mapped URL path [/v2/api-docs] onto method [public org.springframework.http.ResponseEntity<springfox.documentation.spring.web.json.Json> springfox.documentation.swagger2.web.Swagger2Controller.getDocumentation(java.lang.String,javax.servlet.http.HttpServletRequest)]
[2019-11-26 22:00:05] [INFO ] [org.springframework.scheduling.concurrent.ThreadPoolTaskExecutor:171] -- Initializing ExecutorService 'applicationTaskExecutor'
[2019-11-26 22:00:05] [INFO ] [org.springframework.boot.devtools.autoconfigure.OptionalLiveReloadServer:57] -- LiveReload server is running on port 35729
[2019-11-26 22:00:05] [INFO ] [springfox.documentation.spring.web.plugins.DocumentationPluginsBootstrapper:160] -- Context refreshed
[2019-11-26 22:00:05] [INFO ] [springfox.documentation.spring.web.plugins.DocumentationPluginsBootstrapper:163] -- Found 1 custom documentation plugin(s)
[2019-11-26 22:00:05] [INFO ] [springfox.documentation.spring.web.scanners.ApiListingReferenceScanner:41] -- Scanning for api listing references
[2019-11-26 22:00:05] [INFO ] [org.apache.coyote.http11.Http11NioProtocol:173] -- Starting ProtocolHandler ["http-nio-8096"]
[2019-11-26 22:00:05] [INFO ] [org.springframework.boot.web.embedded.tomcat.TomcatWebServer:202] -- Tomcat started on port(s): 8096 (http) with context path ''
[2019-11-26 22:00:05] [INFO ] [com.creams.temo.TemoApplication:59] -- Started TemoApplication in 5.394 seconds (JVM running for 6.036)
[2019-11-26 22:00:08] [INFO ] [org.apache.catalina.core.ContainerBase.[Tomcat].[localhost].[/]:173] -- Initializing Spring DispatcherServlet 'dispatcherServlet'
[2019-11-26 22:00:08] [INFO ] [org.springframework.web.servlet.DispatcherServlet:524] -- Initializing Servlet 'dispatcherServlet'
[2019-11-26 22:00:08] [INFO ] [org.springframework.web.servlet.DispatcherServlet:546] -- Completed initialization in 6 ms
[2019-11-26 22:04:27] [INFO ] [com.creams.temo.TemoApplication:50] -- Starting TemoApplication on KOTIN-GA365 with PID 17224 (C:\Users\Administrator\IdeaProjects\temoServer\target\classes started by Administrator in C:\Users\Administrator\IdeaProjects\temoServer)
[2019-11-26 22:04:27] [INFO ] [com.creams.temo.TemoApplication:647] -- No active profile set, falling back to default profiles: default
[2019-11-26 22:04:28] [INFO ] [org.springframework.boot.devtools.env.DevToolsPropertyDefaultsPostProcessor:225] -- Devtools property defaults active! Set 'spring.devtools.add-properties' to 'false' to disable
[2019-11-26 22:04:28] [INFO ] [org.springframework.boot.devtools.env.DevToolsPropertyDefaultsPostProcessor:225] -- For additional web related logging consider setting the 'logging.level.web' property to 'DEBUG'
[2019-11-26 22:04:28] [INFO ] [org.springframework.data.repository.config.RepositoryConfigurationDelegate:244] -- Multiple Spring Data modules found, entering strict repository configuration mode!
[2019-11-26 22:04:28] [INFO ] [org.springframework.data.repository.config.RepositoryConfigurationDelegate:126] -- Bootstrapping Spring Data repositories in DEFAULT mode.
[2019-11-26 22:04:28] [INFO ] [org.springframework.data.repository.config.RepositoryConfigurationDelegate:182] -- Finished Spring Data repository scanning in 24ms. Found 0 repository interfaces.
[2019-11-26 22:04:28] [INFO ] [org.springframework.context.support.PostProcessorRegistrationDelegate$BeanPostProcessorChecker:330] -- Bean 'org.springframework.transaction.annotation.ProxyTransactionManagementConfiguration' of type [org.springframework.transaction.annotation.ProxyTransactionManagementConfiguration$$EnhancerBySpringCGLIB$$99cd7f84] is not eligible for getting processed by all BeanPostProcessors (for example: not eligible for auto-proxying)
[2019-11-26 22:04:29] [INFO ] [org.springframework.boot.web.embedded.tomcat.TomcatWebServer:90] -- Tomcat initialized with port(s): 8096 (http)
[2019-11-26 22:04:29] [INFO ] [org.apache.coyote.http11.Http11NioProtocol:173] -- Initializing ProtocolHandler ["http-nio-8096"]
[2019-11-26 22:04:29] [INFO ] [org.apache.catalina.core.StandardService:173] -- Starting service [Tomcat]
[2019-11-26 22:04:29] [INFO ] [org.apache.catalina.core.StandardEngine:173] -- Starting Servlet engine: [Apache Tomcat/9.0.22]
[2019-11-26 22:04:29] [INFO ] [org.apache.catalina.core.ContainerBase.[Tomcat].[localhost].[/]:173] -- Initializing Spring embedded WebApplicationContext
[2019-11-26 22:04:29] [INFO ] [org.springframework.web.context.ContextLoader:284] -- Root WebApplicationContext: initialization completed in 1307 ms
[2019-11-26 22:04:31] [INFO ] [springfox.documentation.spring.web.PropertySourcedRequestMappingHandlerMapping:69] -- Mapped URL path [/v2/api-docs] onto method [public org.springframework.http.ResponseEntity<springfox.documentation.spring.web.json.Json> springfox.documentation.swagger2.web.Swagger2Controller.getDocumentation(java.lang.String,javax.servlet.http.HttpServletRequest)]
[2019-11-26 22:04:31] [INFO ] [org.springframework.scheduling.concurrent.ThreadPoolTaskExecutor:171] -- Initializing ExecutorService 'applicationTaskExecutor'
[2019-11-26 22:04:31] [INFO ] [org.springframework.boot.devtools.autoconfigure.OptionalLiveReloadServer:57] -- LiveReload server is running on port 35729
[2019-11-26 22:04:32] [INFO ] [springfox.documentation.spring.web.plugins.DocumentationPluginsBootstrapper:160] -- Context refreshed
[2019-11-26 22:04:32] [INFO ] [springfox.documentation.spring.web.plugins.DocumentationPluginsBootstrapper:163] -- Found 1 custom documentation plugin(s)
[2019-11-26 22:04:32] [INFO ] [springfox.documentation.spring.web.scanners.ApiListingReferenceScanner:41] -- Scanning for api listing references
[2019-11-26 22:04:32] [INFO ] [org.apache.coyote.http11.Http11NioProtocol:173] -- Starting ProtocolHandler ["http-nio-8096"]
[2019-11-26 22:04:32] [INFO ] [org.springframework.boot.web.embedded.tomcat.TomcatWebServer:202] -- Tomcat started on port(s): 8096 (http) with context path ''
[2019-11-26 22:04:32] [INFO ] [com.creams.temo.TemoApplication:59] -- Started TemoApplication in 4.775 seconds (JVM running for 5.277)
[2019-11-26 22:04:41] [INFO ] [org.apache.catalina.core.ContainerBase.[Tomcat].[localhost].[/]:173] -- Initializing Spring DispatcherServlet 'dispatcherServlet'
[2019-11-26 22:04:41] [INFO ] [org.springframework.web.servlet.DispatcherServlet:524] -- Initializing Servlet 'dispatcherServlet'
[2019-11-26 22:04:41] [INFO ] [org.springframework.web.servlet.DispatcherServlet:546] -- Completed initialization in 6 ms
[2019-11-26 22:04:59] [INFO ] [com.creams.temo.TemoApplication:50] -- Starting TemoApplication on KOTIN-GA365 with PID 13504 (C:\Users\Administrator\IdeaProjects\temoServer\target\classes started by Administrator in C:\Users\Administrator\IdeaProjects\temoServer)
[2019-11-26 22:04:59] [INFO ] [com.creams.temo.TemoApplication:647] -- No active profile set, falling back to default profiles: default
[2019-11-26 22:04:59] [INFO ] [org.springframework.boot.devtools.env.DevToolsPropertyDefaultsPostProcessor:225] -- Devtools property defaults active! Set 'spring.devtools.add-properties' to 'false' to disable
[2019-11-26 22:04:59] [INFO ] [org.springframework.boot.devtools.env.DevToolsPropertyDefaultsPostProcessor:225] -- For additional web related logging consider setting the 'logging.level.web' property to 'DEBUG'
[2019-11-26 22:04:59] [INFO ] [org.springframework.data.repository.config.RepositoryConfigurationDelegate:244] -- Multiple Spring Data modules found, entering strict repository configuration mode!
[2019-11-26 22:04:59] [INFO ] [org.springframework.data.repository.config.RepositoryConfigurationDelegate:126] -- Bootstrapping Spring Data repositories in DEFAULT mode.
[2019-11-26 22:04:59] [INFO ] [org.springframework.data.repository.config.RepositoryConfigurationDelegate:182] -- Finished Spring Data repository scanning in 24ms. Found 0 repository interfaces.
[2019-11-26 22:05:00] [INFO ] [org.springframework.context.support.PostProcessorRegistrationDelegate$BeanPostProcessorChecker:330] -- Bean 'org.springframework.transaction.annotation.ProxyTransactionManagementConfiguration' of type [org.springframework.transaction.annotation.ProxyTransactionManagementConfiguration$$EnhancerBySpringCGLIB$$f16640bf] is not eligible for getting processed by all BeanPostProcessors (for example: not eligible for auto-proxying)
[2019-11-26 22:05:00] [INFO ] [org.springframework.boot.web.embedded.tomcat.TomcatWebServer:90] -- Tomcat initialized with port(s): 8096 (http)
[2019-11-26 22:05:00] [INFO ] [org.apache.coyote.http11.Http11NioProtocol:173] -- Initializing ProtocolHandler ["http-nio-8096"]
[2019-11-26 22:05:00] [INFO ] [org.apache.catalina.core.StandardService:173] -- Starting service [Tomcat]
[2019-11-26 22:05:00] [INFO ] [org.apache.catalina.core.StandardEngine:173] -- Starting Servlet engine: [Apache Tomcat/9.0.22]
[2019-11-26 22:05:00] [INFO ] [org.apache.catalina.core.ContainerBase.[Tomcat].[localhost].[/]:173] -- Initializing Spring embedded WebApplicationContext
[2019-11-26 22:05:00] [INFO ] [org.springframework.web.context.ContextLoader:284] -- Root WebApplicationContext: initialization completed in 1302 ms
[2019-11-26 22:05:02] [INFO ] [springfox.documentation.spring.web.PropertySourcedRequestMappingHandlerMapping:69] -- Mapped URL path [/v2/api-docs] onto method [public org.springframework.http.ResponseEntity<springfox.documentation.spring.web.json.Json> springfox.documentation.swagger2.web.Swagger2Controller.getDocumentation(java.lang.String,javax.servlet.http.HttpServletRequest)]
[2019-11-26 22:05:03] [INFO ] [org.springframework.scheduling.concurrent.ThreadPoolTaskExecutor:171] -- Initializing ExecutorService 'applicationTaskExecutor'
[2019-11-26 22:05:03] [INFO ] [org.springframework.boot.devtools.autoconfigure.OptionalLiveReloadServer:57] -- LiveReload server is running on port 35729
[2019-11-26 22:05:03] [INFO ] [springfox.documentation.spring.web.plugins.DocumentationPluginsBootstrapper:160] -- Context refreshed
[2019-11-26 22:05:03] [INFO ] [springfox.documentation.spring.web.plugins.DocumentationPluginsBootstrapper:163] -- Found 1 custom documentation plugin(s)
[2019-11-26 22:05:03] [INFO ] [springfox.documentation.spring.web.scanners.ApiListingReferenceScanner:41] -- Scanning for api listing references
[2019-11-26 22:05:03] [INFO ] [org.apache.coyote.http11.Http11NioProtocol:173] -- Starting ProtocolHandler ["http-nio-8096"]
[2019-11-26 22:05:03] [INFO ] [org.springframework.boot.web.embedded.tomcat.TomcatWebServer:202] -- Tomcat started on port(s): 8096 (http) with context path ''
[2019-11-26 22:05:03] [INFO ] [com.creams.temo.TemoApplication:59] -- Started TemoApplication in 4.817 seconds (JVM running for 5.364)
[2019-11-26 22:05:21] [INFO ] [org.apache.catalina.core.ContainerBase.[Tomcat].[localhost].[/]:173] -- Initializing Spring DispatcherServlet 'dispatcherServlet'
[2019-11-26 22:05:21] [INFO ] [org.springframework.web.servlet.DispatcherServlet:524] -- Initializing Servlet 'dispatcherServlet'
[2019-11-26 22:05:21] [INFO ] [org.springframework.web.servlet.DispatcherServlet:546] -- Completed initialization in 6 ms
