[2019-10-14 21:59:54] [INFO ] [com.creams.temo.TemoApplication:50] -- Starting TemoApplication on KOTIN-GA365 with PID 6524 (C:\Users\Administrator\IdeaProjects\temoServer\target\classes started by Administrator in C:\Users\Administrator\IdeaProjects\temoServer)
[2019-10-14 21:59:54] [INFO ] [com.creams.temo.TemoApplication:647] -- No active profile set, falling back to default profiles: default
[2019-10-14 21:59:54] [INFO ] [org.springframework.boot.devtools.env.DevToolsPropertyDefaultsPostProcessor:225] -- Devtools property defaults active! Set 'spring.devtools.add-properties' to 'false' to disable
[2019-10-14 21:59:54] [INFO ] [org.springframework.boot.devtools.env.DevToolsPropertyDefaultsPostProcessor:225] -- For additional web related logging consider setting the 'logging.level.web' property to 'DEBUG'
[2019-10-14 21:59:55] [INFO ] [org.springframework.context.support.PostProcessorRegistrationDelegate$BeanPostProcessorChecker:330] -- Bean 'org.springframework.transaction.annotation.ProxyTransactionManagementConfiguration' of type [org.springframework.transaction.annotation.ProxyTransactionManagementConfiguration$$EnhancerBySpringCGLIB$$851a2d23] is not eligible for getting processed by all BeanPostProcessors (for example: not eligible for auto-proxying)
[2019-10-14 21:59:56] [INFO ] [org.springframework.boot.web.embedded.tomcat.TomcatWebServer:90] -- Tomcat initialized with port(s): 8096 (http)
[2019-10-14 21:59:56] [INFO ] [org.apache.coyote.http11.Http11NioProtocol:173] -- Initializing ProtocolHandler ["http-nio-8096"]
[2019-10-14 21:59:56] [INFO ] [org.apache.catalina.core.StandardService:173] -- Starting service [Tomcat]
[2019-10-14 21:59:56] [INFO ] [org.apache.catalina.core.StandardEngine:173] -- Starting Servlet engine: [Apache Tomcat/9.0.22]
[2019-10-14 21:59:56] [INFO ] [org.apache.catalina.core.ContainerBase.[Tomcat].[localhost].[/]:173] -- Initializing Spring embedded WebApplicationContext
[2019-10-14 21:59:56] [INFO ] [org.springframework.web.context.ContextLoader:284] -- Root WebApplicationContext: initialization completed in 1653 ms
[2019-10-14 21:59:56] [INFO ] [com.alibaba.druid.pool.DruidDataSource:106] -- {dataSource-1} inited
[2019-10-14 22:01:00] [INFO ] [com.creams.temo.TemoApplication:50] -- Starting TemoApplication on KOTIN-GA365 with PID 9308 (C:\Users\Administrator\IdeaProjects\temoServer\target\classes started by Administrator in C:\Users\Administrator\IdeaProjects\temoServer)
[2019-10-14 22:01:00] [INFO ] [com.creams.temo.TemoApplication:647] -- No active profile set, falling back to default profiles: default
[2019-10-14 22:01:00] [INFO ] [org.springframework.boot.devtools.env.DevToolsPropertyDefaultsPostProcessor:225] -- Devtools property defaults active! Set 'spring.devtools.add-properties' to 'false' to disable
[2019-10-14 22:01:00] [INFO ] [org.springframework.boot.devtools.env.DevToolsPropertyDefaultsPostProcessor:225] -- For additional web related logging consider setting the 'logging.level.web' property to 'DEBUG'
[2019-10-14 22:01:01] [INFO ] [org.springframework.context.support.PostProcessorRegistrationDelegate$BeanPostProcessorChecker:330] -- Bean 'org.springframework.transaction.annotation.ProxyTransactionManagementConfiguration' of type [org.springframework.transaction.annotation.ProxyTransactionManagementConfiguration$$EnhancerBySpringCGLIB$$734378ab] is not eligible for getting processed by all BeanPostProcessors (for example: not eligible for auto-proxying)
[2019-10-14 22:01:01] [INFO ] [org.springframework.boot.web.embedded.tomcat.TomcatWebServer:90] -- Tomcat initialized with port(s): 8096 (http)
[2019-10-14 22:01:01] [INFO ] [org.apache.coyote.http11.Http11NioProtocol:173] -- Initializing ProtocolHandler ["http-nio-8096"]
[2019-10-14 22:01:01] [INFO ] [org.apache.catalina.core.StandardService:173] -- Starting service [Tomcat]
[2019-10-14 22:01:01] [INFO ] [org.apache.catalina.core.StandardEngine:173] -- Starting Servlet engine: [Apache Tomcat/9.0.22]
[2019-10-14 22:01:01] [INFO ] [org.apache.catalina.core.ContainerBase.[Tomcat].[localhost].[/]:173] -- Initializing Spring embedded WebApplicationContext
[2019-10-14 22:01:01] [INFO ] [org.springframework.web.context.ContextLoader:284] -- Root WebApplicationContext: initialization completed in 1162 ms
[2019-10-14 22:01:01] [INFO ] [com.alibaba.druid.pool.DruidDataSource:106] -- {dataSource-1} inited
[2019-10-14 22:01:04] [INFO ] [springfox.documentation.spring.web.PropertySourcedRequestMappingHandlerMapping:69] -- Mapped URL path [/v2/api-docs] onto method [public org.springframework.http.ResponseEntity<springfox.documentation.spring.web.json.Json> springfox.documentation.swagger2.web.Swagger2Controller.getDocumentation(java.lang.String,javax.servlet.http.HttpServletRequest)]
[2019-10-14 22:01:04] [INFO ] [org.springframework.scheduling.concurrent.ThreadPoolTaskExecutor:171] -- Initializing ExecutorService 'applicationTaskExecutor'
[2019-10-14 22:01:04] [INFO ] [org.springframework.boot.devtools.autoconfigure.OptionalLiveReloadServer:57] -- LiveReload server is running on port 35729
[2019-10-14 22:01:04] [INFO ] [springfox.documentation.spring.web.plugins.DocumentationPluginsBootstrapper:160] -- Context refreshed
[2019-10-14 22:01:04] [INFO ] [springfox.documentation.spring.web.plugins.DocumentationPluginsBootstrapper:163] -- Found 1 custom documentation plugin(s)
[2019-10-14 22:01:04] [INFO ] [springfox.documentation.spring.web.scanners.ApiListingReferenceScanner:41] -- Scanning for api listing references
[2019-10-14 22:01:04] [INFO ] [org.apache.coyote.http11.Http11NioProtocol:173] -- Starting ProtocolHandler ["http-nio-8096"]
[2019-10-14 22:01:04] [INFO ] [org.springframework.boot.web.embedded.tomcat.TomcatWebServer:202] -- Tomcat started on port(s): 8096 (http) with context path ''
[2019-10-14 22:01:04] [INFO ] [com.creams.temo.TemoApplication:59] -- Started TemoApplication in 4.368 seconds (JVM running for 4.868)
[2019-10-14 22:49:50] [INFO ] [com.creams.temo.TemoApplication:50] -- Starting TemoApplication on KOTIN-GA365 with PID 22332 (C:\Users\Administrator\IdeaProjects\temoServer\target\classes started by Administrator in C:\Users\Administrator\IdeaProjects\temoServer)
[2019-10-14 22:49:50] [INFO ] [com.creams.temo.TemoApplication:647] -- No active profile set, falling back to default profiles: default
[2019-10-14 22:49:50] [INFO ] [org.springframework.boot.devtools.env.DevToolsPropertyDefaultsPostProcessor:225] -- Devtools property defaults active! Set 'spring.devtools.add-properties' to 'false' to disable
[2019-10-14 22:49:50] [INFO ] [org.springframework.boot.devtools.env.DevToolsPropertyDefaultsPostProcessor:225] -- For additional web related logging consider setting the 'logging.level.web' property to 'DEBUG'
[2019-10-14 22:49:51] [INFO ] [org.springframework.context.support.PostProcessorRegistrationDelegate$BeanPostProcessorChecker:330] -- Bean 'org.springframework.transaction.annotation.ProxyTransactionManagementConfiguration' of type [org.springframework.transaction.annotation.ProxyTransactionManagementConfiguration$$EnhancerBySpringCGLIB$$aad233be] is not eligible for getting processed by all BeanPostProcessors (for example: not eligible for auto-proxying)
[2019-10-14 22:49:51] [INFO ] [org.springframework.boot.web.embedded.tomcat.TomcatWebServer:90] -- Tomcat initialized with port(s): 8096 (http)
[2019-10-14 22:49:51] [INFO ] [org.apache.coyote.http11.Http11NioProtocol:173] -- Initializing ProtocolHandler ["http-nio-8096"]
[2019-10-14 22:49:51] [INFO ] [org.apache.catalina.core.StandardService:173] -- Starting service [Tomcat]
[2019-10-14 22:49:51] [INFO ] [org.apache.catalina.core.StandardEngine:173] -- Starting Servlet engine: [Apache Tomcat/9.0.22]
[2019-10-14 22:49:52] [INFO ] [org.apache.catalina.core.ContainerBase.[Tomcat].[localhost].[/]:173] -- Initializing Spring embedded WebApplicationContext
[2019-10-14 22:49:52] [INFO ] [org.springframework.web.context.ContextLoader:284] -- Root WebApplicationContext: initialization completed in 1374 ms
[2019-10-14 22:49:52] [INFO ] [com.alibaba.druid.pool.DruidDataSource:106] -- {dataSource-1} inited
[2019-10-14 22:49:53] [INFO ] [springfox.documentation.spring.web.PropertySourcedRequestMappingHandlerMapping:69] -- Mapped URL path [/v2/api-docs] onto method [public org.springframework.http.ResponseEntity<springfox.documentation.spring.web.json.Json> springfox.documentation.swagger2.web.Swagger2Controller.getDocumentation(java.lang.String,javax.servlet.http.HttpServletRequest)]
[2019-10-14 22:49:53] [INFO ] [org.springframework.scheduling.concurrent.ThreadPoolTaskExecutor:171] -- Initializing ExecutorService 'applicationTaskExecutor'
[2019-10-14 22:49:53] [INFO ] [org.springframework.boot.devtools.autoconfigure.OptionalLiveReloadServer:57] -- LiveReload server is running on port 35729
[2019-10-14 22:49:53] [INFO ] [springfox.documentation.spring.web.plugins.DocumentationPluginsBootstrapper:160] -- Context refreshed
[2019-10-14 22:49:53] [INFO ] [springfox.documentation.spring.web.plugins.DocumentationPluginsBootstrapper:163] -- Found 1 custom documentation plugin(s)
[2019-10-14 22:49:53] [INFO ] [springfox.documentation.spring.web.scanners.ApiListingReferenceScanner:41] -- Scanning for api listing references
[2019-10-14 22:49:53] [INFO ] [org.apache.coyote.http11.Http11NioProtocol:173] -- Starting ProtocolHandler ["http-nio-8096"]
[2019-10-14 22:49:53] [INFO ] [org.springframework.boot.web.embedded.tomcat.TomcatWebServer:202] -- Tomcat started on port(s): 8096 (http) with context path ''
[2019-10-14 22:49:53] [INFO ] [com.creams.temo.TemoApplication:59] -- Started TemoApplication in 3.343 seconds (JVM running for 4.027)
[2019-10-14 22:50:12] [INFO ] [org.apache.catalina.core.ContainerBase.[Tomcat].[localhost].[/]:173] -- Initializing Spring DispatcherServlet 'dispatcherServlet'
[2019-10-14 22:50:12] [INFO ] [org.springframework.web.servlet.DispatcherServlet:524] -- Initializing Servlet 'dispatcherServlet'
[2019-10-14 22:50:12] [INFO ] [org.springframework.web.servlet.DispatcherServlet:546] -- Completed initialization in 5 ms
[2019-10-14 23:07:36] [INFO ] [com.creams.temo.TemoApplication:50] -- Starting TemoApplication on KOTIN-GA365 with PID 12696 (C:\Users\Administrator\IdeaProjects\temoServer\target\classes started by Administrator in C:\Users\Administrator\IdeaProjects\temoServer)
[2019-10-14 23:07:36] [INFO ] [com.creams.temo.TemoApplication:647] -- No active profile set, falling back to default profiles: default
[2019-10-14 23:07:36] [INFO ] [org.springframework.boot.devtools.env.DevToolsPropertyDefaultsPostProcessor:225] -- Devtools property defaults active! Set 'spring.devtools.add-properties' to 'false' to disable
[2019-10-14 23:07:36] [INFO ] [org.springframework.boot.devtools.env.DevToolsPropertyDefaultsPostProcessor:225] -- For additional web related logging consider setting the 'logging.level.web' property to 'DEBUG'
[2019-10-14 23:07:37] [INFO ] [org.springframework.context.support.PostProcessorRegistrationDelegate$BeanPostProcessorChecker:330] -- Bean 'org.springframework.transaction.annotation.ProxyTransactionManagementConfiguration' of type [org.springframework.transaction.annotation.ProxyTransactionManagementConfiguration$$EnhancerBySpringCGLIB$$5cb8deb3] is not eligible for getting processed by all BeanPostProcessors (for example: not eligible for auto-proxying)
[2019-10-14 23:07:37] [INFO ] [org.springframework.boot.web.embedded.tomcat.TomcatWebServer:90] -- Tomcat initialized with port(s): 8096 (http)
[2019-10-14 23:07:37] [INFO ] [org.apache.coyote.http11.Http11NioProtocol:173] -- Initializing ProtocolHandler ["http-nio-8096"]
[2019-10-14 23:07:37] [INFO ] [org.apache.catalina.core.StandardService:173] -- Starting service [Tomcat]
[2019-10-14 23:07:37] [INFO ] [org.apache.catalina.core.StandardEngine:173] -- Starting Servlet engine: [Apache Tomcat/9.0.22]
[2019-10-14 23:07:38] [INFO ] [org.apache.catalina.core.ContainerBase.[Tomcat].[localhost].[/]:173] -- Initializing Spring embedded WebApplicationContext
[2019-10-14 23:07:38] [INFO ] [org.springframework.web.context.ContextLoader:284] -- Root WebApplicationContext: initialization completed in 1171 ms
[2019-10-14 23:07:38] [INFO ] [com.alibaba.druid.pool.DruidDataSource:106] -- {dataSource-1} inited
[2019-10-14 23:07:38] [INFO ] [springfox.documentation.spring.web.PropertySourcedRequestMappingHandlerMapping:69] -- Mapped URL path [/v2/api-docs] onto method [public org.springframework.http.ResponseEntity<springfox.documentation.spring.web.json.Json> springfox.documentation.swagger2.web.Swagger2Controller.getDocumentation(java.lang.String,javax.servlet.http.HttpServletRequest)]
[2019-10-14 23:07:39] [INFO ] [org.springframework.scheduling.concurrent.ThreadPoolTaskExecutor:171] -- Initializing ExecutorService 'applicationTaskExecutor'
[2019-10-14 23:07:39] [INFO ] [org.springframework.boot.devtools.autoconfigure.OptionalLiveReloadServer:57] -- LiveReload server is running on port 35729
[2019-10-14 23:07:39] [INFO ] [springfox.documentation.spring.web.plugins.DocumentationPluginsBootstrapper:160] -- Context refreshed
[2019-10-14 23:07:39] [INFO ] [springfox.documentation.spring.web.plugins.DocumentationPluginsBootstrapper:163] -- Found 1 custom documentation plugin(s)
[2019-10-14 23:07:39] [INFO ] [springfox.documentation.spring.web.scanners.ApiListingReferenceScanner:41] -- Scanning for api listing references
[2019-10-14 23:07:39] [INFO ] [org.apache.coyote.http11.Http11NioProtocol:173] -- Starting ProtocolHandler ["http-nio-8096"]
[2019-10-14 23:07:39] [INFO ] [org.springframework.boot.web.embedded.tomcat.TomcatWebServer:202] -- Tomcat started on port(s): 8096 (http) with context path ''
[2019-10-14 23:07:39] [INFO ] [com.creams.temo.TemoApplication:59] -- Started TemoApplication in 2.955 seconds (JVM running for 3.555)
[2019-10-14 23:07:50] [INFO ] [org.apache.catalina.core.ContainerBase.[Tomcat].[localhost].[/]:173] -- Initializing Spring DispatcherServlet 'dispatcherServlet'
[2019-10-14 23:07:50] [INFO ] [org.springframework.web.servlet.DispatcherServlet:524] -- Initializing Servlet 'dispatcherServlet'
[2019-10-14 23:07:50] [INFO ] [org.springframework.web.servlet.DispatcherServlet:546] -- Completed initialization in 4 ms
